                      :-) GROMACS - gmx mdrun, 2020.4 (-:

                            GROMACS is written by:
     Emile Apol      Rossen Apostolov      Paul Bauer     Herman J.C. Berendsen
    Par Bjelkmar      Christian Blau   Viacheslav Bolnykh     Kevin Boyd    
 Aldert van Buuren   Rudi van Drunen     Anton Feenstra       Alan Gray     
  Gerrit Groenhof     Anca Hamuraru    Vincent Hindriksen  M. Eric Irrgang  
  Aleksei Iupinov   Christoph Junghans     Joe Jordan     Dimitrios Karkoulis
    Peter Kasson        Jiri Kraus      Carsten Kutzner      Per Larsson    
  Justin A. Lemkul    Viveca Lindahl    Magnus Lundborg     Erik Marklund   
    Pascal Merz     Pieter Meulenhoff    Teemu Murtola       Szilard Pall   
    Sander Pronk      Roland Schulz      Michael Shirts    Alexey Shvetsov  
   Alfons Sijbers     Peter Tieleman      Jon Vincent      Teemu Virolainen 
 Christian Wennberg    Maarten Wolf      Artem Zhmurov   
                           and the project leaders:
        Mark Abraham, Berk Hess, Erik Lindahl, and David van der Spoel

Copyright (c) 1991-2000, University of Groningen, The Netherlands.
Copyright (c) 2001-2019, The GROMACS development team at
Uppsala University, Stockholm University and
the Royal Institute of Technology, Sweden.
check out http://www.gromacs.org for more information.

GROMACS is free software; you can redistribute it and/or modify it
under the terms of the GNU Lesser General Public License
as published by the Free Software Foundation; either version 2.1
of the License, or (at your option) any later version.

GROMACS:      gmx mdrun, version 2020.4
Executable:   /share/apps/gromacs/2020.4/openmpi/intel/bin/gmx_mpi
Data prefix:  /share/apps/gromacs/2020.4/openmpi/intel
Working dir:  /scratch/work/courses/CHEM-GA-2671-2022fa/rmo302/comp-lab-class/Week3
Process ID:   1265449
Command line:
  gmx_mpi mdrun -deffnm md_01

GROMACS version:    2020.4
Verified release checksum is 79c2857291b034542c26e90512b92fd4b184a1c9d6fa59c55f2e24ccf14e7281
Precision:          single
Memory model:       64 bit
MPI library:        MPI
OpenMP support:     disabled
GPU support:        disabled
SIMD instructions:  AVX_512
FFT library:        Intel MKL
RDTSCP usage:       enabled
TNG support:        enabled
Hwloc support:      disabled
Tracing support:    disabled
C compiler:         /share/apps/openmpi/4.0.5/intel/bin/mpicc Intel 19.1.2.20200623
C compiler flags:   -xCORE-AVX512 -qopt-zmm-usage=high -mkl=sequential -wd3180 -std=gnu99 -ip -funroll-all-loops -alias-const -ansi-alias -no-prec-div -fimf-domain-exclusion=14 -qoverride-limits -O3 -DNDEBUG
C++ compiler:       /share/apps/openmpi/4.0.5/intel/bin/mpicxx Intel 19.1.2.20200623
C++ compiler flags: -xCORE-AVX512 -qopt-zmm-usage=high -mkl=sequential -wd3180 -ip -funroll-all-loops -alias-const -ansi-alias -no-prec-div -fimf-domain-exclusion=14 -qoverride-limits -O3 -DNDEBUG


Running on 1 node with total 48 cores, 48 logical cores
Hardware detected on host gr061.hpc.nyu.edu (the node of MPI rank 0):
  CPU info:
    Vendor: Intel
    Brand:  Intel(R) Xeon(R) Platinum 8268 CPU @ 2.90GHz
    Family: 6   Model: 85   Stepping: 7
    Features: aes apic avx avx2 avx512f avx512cd avx512bw avx512vl clfsh cmov cx8 cx16 f16c fma htt intel lahf mmx msr nonstop_tsc pcid pclmuldq pdcm pdpe1gb popcnt pse rdrnd rdtscp sse2 sse3 sse4.1 sse4.2 ssse3 tdt x2apic
    Number of AVX-512 FMA units: 2
  Hardware topology: Only logical processor count


++++ PLEASE READ AND CITE THE FOLLOWING REFERENCE ++++
M. J. Abraham, T. Murtola, R. Schulz, S. Páll, J. C. Smith, B. Hess, E.
Lindahl
GROMACS: High performance molecular simulations through multi-level
parallelism from laptops to supercomputers
SoftwareX 1 (2015) pp. 19-25
-------- -------- --- Thank You --- -------- --------


++++ PLEASE READ AND CITE THE FOLLOWING REFERENCE ++++
S. Páll, M. J. Abraham, C. Kutzner, B. Hess, E. Lindahl
Tackling Exascale Software Challenges in Molecular Dynamics Simulations with
GROMACS
In S. Markidis & E. Laure (Eds.), Solving Software Challenges for Exascale 8759 (2015) pp. 3-27
-------- -------- --- Thank You --- -------- --------


++++ PLEASE READ AND CITE THE FOLLOWING REFERENCE ++++
S. Pronk, S. Páll, R. Schulz, P. Larsson, P. Bjelkmar, R. Apostolov, M. R.
Shirts, J. C. Smith, P. M. Kasson, D. van der Spoel, B. Hess, and E. Lindahl
GROMACS 4.5: a high-throughput and highly parallel open source molecular
simulation toolkit
Bioinformatics 29 (2013) pp. 845-54
-------- -------- --- Thank You --- -------- --------


++++ PLEASE READ AND CITE THE FOLLOWING REFERENCE ++++
B. Hess and C. Kutzner and D. van der Spoel and E. Lindahl
GROMACS 4: Algorithms for highly efficient, load-balanced, and scalable
molecular simulation
J. Chem. Theory Comput. 4 (2008) pp. 435-447
-------- -------- --- Thank You --- -------- --------


++++ PLEASE READ AND CITE THE FOLLOWING REFERENCE ++++
D. van der Spoel, E. Lindahl, B. Hess, G. Groenhof, A. E. Mark and H. J. C.
Berendsen
GROMACS: Fast, Flexible and Free
J. Comp. Chem. 26 (2005) pp. 1701-1719
-------- -------- --- Thank You --- -------- --------


++++ PLEASE READ AND CITE THE FOLLOWING REFERENCE ++++
E. Lindahl and B. Hess and D. van der Spoel
GROMACS 3.0: A package for molecular simulation and trajectory analysis
J. Mol. Mod. 7 (2001) pp. 306-317
-------- -------- --- Thank You --- -------- --------


++++ PLEASE READ AND CITE THE FOLLOWING REFERENCE ++++
H. J. C. Berendsen, D. van der Spoel and R. van Drunen
GROMACS: A message-passing parallel molecular dynamics implementation
Comp. Phys. Comm. 91 (1995) pp. 43-56
-------- -------- --- Thank You --- -------- --------


++++ PLEASE CITE THE DOI FOR THIS VERSION OF GROMACS ++++
https://doi.org/10.5281/zenodo.4054979
-------- -------- --- Thank You --- -------- --------

Input Parameters:
   integrator                     = md
   tinit                          = 0
   dt                             = 0.002
   nsteps                         = 500000
   init-step                      = 0
   simulation-part                = 1
   comm-mode                      = Linear
   nstcomm                        = 100
   bd-fric                        = 0
   ld-seed                        = 440423141
   emtol                          = 10
   emstep                         = 0.01
   niter                          = 20
   fcstep                         = 0
   nstcgsteep                     = 1000
   nbfgscorr                      = 10
   rtpi                           = 0.05
   nstxout                        = 0
   nstvout                        = 0
   nstfout                        = 0
   nstlog                         = 5000
   nstcalcenergy                  = 100
   nstenergy                      = 5000
   nstxout-compressed             = 5000
   compressed-x-precision         = 1000
   cutoff-scheme                  = Verlet
   nstlist                        = 10
   pbc                            = xyz
   periodic-molecules             = false
   verlet-buffer-tolerance        = 0.005
   rlist                          = 1
   coulombtype                    = PME
   coulomb-modifier               = Potential-shift
   rcoulomb-switch                = 0
   rcoulomb                       = 1
   epsilon-r                      = 1
   epsilon-rf                     = inf
   vdw-type                       = Cut-off
   vdw-modifier                   = Potential-shift
   rvdw-switch                    = 0
   rvdw                           = 1
   DispCorr                       = EnerPres
   table-extension                = 1
   fourierspacing                 = 0.16
   fourier-nx                     = 44
   fourier-ny                     = 44
   fourier-nz                     = 44
   pme-order                      = 4
   ewald-rtol                     = 1e-05
   ewald-rtol-lj                  = 0.001
   lj-pme-comb-rule               = Geometric
   ewald-geometry                 = 0
   epsilon-surface                = 0
   tcoupl                         = V-rescale
   nsttcouple                     = 10
   nh-chain-length                = 0
   print-nose-hoover-chain-variables = false
   pcoupl                         = Parrinello-Rahman
   pcoupltype                     = Isotropic
   nstpcouple                     = 10
   tau-p                          = 2
   compressibility (3x3):
      compressibility[    0]={ 4.50000e-05,  0.00000e+00,  0.00000e+00}
      compressibility[    1]={ 0.00000e+00,  4.50000e-05,  0.00000e+00}
      compressibility[    2]={ 0.00000e+00,  0.00000e+00,  4.50000e-05}
   ref-p (3x3):
      ref-p[    0]={ 1.00000e+00,  0.00000e+00,  0.00000e+00}
      ref-p[    1]={ 0.00000e+00,  1.00000e+00,  0.00000e+00}
      ref-p[    2]={ 0.00000e+00,  0.00000e+00,  1.00000e+00}
   refcoord-scaling               = No
   posres-com (3):
      posres-com[0]= 0.00000e+00
      posres-com[1]= 0.00000e+00
      posres-com[2]= 0.00000e+00
   posres-comB (3):
      posres-comB[0]= 0.00000e+00
      posres-comB[1]= 0.00000e+00
      posres-comB[2]= 0.00000e+00
   QMMM                           = false
   QMconstraints                  = 0
   QMMMscheme                     = 0
   MMChargeScaleFactor            = 1
qm-opts:
   ngQM                           = 0
   constraint-algorithm           = Lincs
   continuation                   = true
   Shake-SOR                      = false
   shake-tol                      = 0.0001
   lincs-order                    = 4
   lincs-iter                     = 1
   lincs-warnangle                = 30
   nwall                          = 0
   wall-type                      = 9-3
   wall-r-linpot                  = -1
   wall-atomtype[0]               = -1
   wall-atomtype[1]               = -1
   wall-density[0]                = 0
   wall-density[1]                = 0
   wall-ewald-zfac                = 3
   pull                           = false
   awh                            = false
   rotation                       = false
   interactiveMD                  = false
   disre                          = No
   disre-weighting                = Conservative
   disre-mixed                    = false
   dr-fc                          = 1000
   dr-tau                         = 0
   nstdisreout                    = 100
   orire-fc                       = 0
   orire-tau                      = 0
   nstorireout                    = 100
   free-energy                    = no
   cos-acceleration               = 0
   deform (3x3):
      deform[    0]={ 0.00000e+00,  0.00000e+00,  0.00000e+00}
      deform[    1]={ 0.00000e+00,  0.00000e+00,  0.00000e+00}
      deform[    2]={ 0.00000e+00,  0.00000e+00,  0.00000e+00}
   simulated-tempering            = false
   swapcoords                     = no
   userint1                       = 0
   userint2                       = 0
   userint3                       = 0
   userint4                       = 0
   userreal1                      = 0
   userreal2                      = 0
   userreal3                      = 0
   userreal4                      = 0
   applied-forces:
     electric-field:
       x:
         E0                       = 0
         omega                    = 0
         t0                       = 0
         sigma                    = 0
       y:
         E0                       = 0
         omega                    = 0
         t0                       = 0
         sigma                    = 0
       z:
         E0                       = 0
         omega                    = 0
         t0                       = 0
         sigma                    = 0
     density-guided-simulation:
       active                     = false
       group                      = protein
       similarity-measure         = inner-product
       atom-spreading-weight      = unity
       force-constant             = 1e+09
       gaussian-transform-spreading-width = 0.2
       gaussian-transform-spreading-range-in-multiples-of-width = 4
       reference-density-filename = reference.mrc
       nst                        = 1
       normalize-densities        = true
       adaptive-force-scaling     = false
       adaptive-force-scaling-time-constant = 4
grpopts:
   nrdf:     4920.79     63837.2
   ref-t:         300         300
   tau-t:         0.1         0.1
annealing:          No          No
annealing-npoints:           0           0
   acc:	           0           0           0
   nfreeze:           N           N           N
   energygrp-flags[  0]: 0

Changing nstlist from 10 to 50, rlist from 1 to 1.116


Initializing Domain Decomposition on 4 ranks
Dynamic load balancing: auto
Using update groups, nr 11645, average size 2.9 atoms, max. radius 0.103 nm
Minimum cell size due to atom displacement: 0.398 nm
Initial maximum distances in bonded interactions:
    two-body bonded interactions: 0.449 nm, LJ-14, atoms 1156 1405
  multi-body bonded interactions: 0.449 nm, Ryckaert-Bell., atoms 1156 1405
Minimum cell size due to bonded interactions: 0.494 nm
Scaling the initial minimum size with 1/0.8 (option -dds) = 1.25
Using 0 separate PME ranks, as there are too few total
 ranks for efficient splitting
Optimizing the DD grid for 4 cells with a minimum initial size of 0.618 nm
The maximum allowed number of cells is: X 11 Y 11 Z 11
Domain decomposition grid 4 x 1 x 1, separate PME ranks 0
PME domain decomposition: 4 x 1 x 1
Domain decomposition rank 0, coordinates 0 0 0

The initial number of communication pulses is: X 1
The initial domain decomposition cell size is: X 1.74 nm

The maximum allowed distance for atom groups involved in interactions is:
                 non-bonded interactions           1.323 nm
(the following are initial values, they could change due to box deformation)
            two-body bonded interactions  (-rdd)   1.323 nm
          multi-body bonded interactions  (-rdd)   1.323 nm

When dynamic load balancing gets turned on, these settings will change to:
The maximum number of communication pulses is: X 1
The minimum size for domain decomposition cells is 1.323 nm
The requested allowed shrink of DD cells (option -dds) is: 0.80
The allowed shrink of domain decomposition cells is: X 0.76
The maximum allowed distance for atom groups involved in interactions is:
                 non-bonded interactions           1.323 nm
            two-body bonded interactions  (-rdd)   1.323 nm
          multi-body bonded interactions  (-rdd)   1.323 nm

Using 4 MPI processes

Non-default thread affinity set, disabling internal thread affinity
System total charge: -0.000
Will do PME sum in reciprocal space for electrostatic interactions.

++++ PLEASE READ AND CITE THE FOLLOWING REFERENCE ++++
U. Essmann, L. Perera, M. L. Berkowitz, T. Darden, H. Lee and L. G. Pedersen 
A smooth particle mesh Ewald method
J. Chem. Phys. 103 (1995) pp. 8577-8592
-------- -------- --- Thank You --- -------- --------

Using a Gaussian width (1/beta) of 0.320163 nm for Ewald
Potential shift: LJ r^-12: -1.000e+00 r^-6: -1.000e+00, Ewald -1.000e-05
Initialized non-bonded Ewald tables, spacing: 9.33e-04 size: 1073

Generated table with 1058 data points for 1-4 COUL.
Tabscale = 500 points/nm
Generated table with 1058 data points for 1-4 LJ6.
Tabscale = 500 points/nm
Generated table with 1058 data points for 1-4 LJ12.
Tabscale = 500 points/nm

Using SIMD 4x8 nonbonded short-range kernels

Using a dual 4x8 pair-list setup updated with dynamic pruning:
  outer list: updated every 50 steps, buffer 0.116 nm, rlist 1.116 nm
  inner list: updated every 12 steps, buffer 0.003 nm, rlist 1.003 nm
At tolerance 0.005 kJ/mol/ps per atom, equivalent classical 1x1 list would be:
  outer list: updated every 50 steps, buffer 0.245 nm, rlist 1.245 nm
  inner list: updated every 12 steps, buffer 0.048 nm, rlist 1.048 nm

Using geometric Lennard-Jones combination rule

Long Range LJ corr.: <C6> 3.1923e-04


Initializing LINear Constraint Solver

++++ PLEASE READ AND CITE THE FOLLOWING REFERENCE ++++
B. Hess and H. Bekker and H. J. C. Berendsen and J. G. E. M. Fraaije
LINCS: A Linear Constraint Solver for molecular simulations
J. Comp. Chem. 18 (1997) pp. 1463-1472
-------- -------- --- Thank You --- -------- --------

The number of constraints is 959

++++ PLEASE READ AND CITE THE FOLLOWING REFERENCE ++++
S. Miyamoto and P. A. Kollman
SETTLE: An Analytical Version of the SHAKE and RATTLE Algorithms for Rigid
Water Models
J. Comp. Chem. 13 (1992) pp. 952-962
-------- -------- --- Thank You --- -------- --------


Linking all bonded interactions to atoms

Intra-simulation communication will occur every 10 steps.

++++ PLEASE READ AND CITE THE FOLLOWING REFERENCE ++++
G. Bussi, D. Donadio and M. Parrinello
Canonical sampling through velocity rescaling
J. Chem. Phys. 126 (2007) pp. 014101
-------- -------- --- Thank You --- -------- --------

There are: 33876 Atoms
Atom distribution over 4 domains: av 8469 stddev 67 min 8356 max 8534
Center of mass motion removal mode is Linear
We have the following groups for center of mass motion removal:
  0:  rest

Started mdrun on rank 0 Sat Oct  8 04:45:51 2022

           Step           Time
              0        0.00000

   Energies (kJ/mol)
           Bond          Angle    Proper Dih. Ryckaert-Bell.          LJ-14
    1.39554e+03    3.70937e+03    2.48355e+02    1.79164e+03    2.66545e+03
     Coulomb-14        LJ (SR)  Disper. corr.   Coulomb (SR)   Coul. recip.
    7.74936e+03    9.50959e+04   -4.56893e+03   -6.36886e+05    2.93310e+03
      Potential    Kinetic En.   Total Energy  Conserved En.    Temperature
   -5.25866e+05    8.60537e+04   -4.39812e+05   -4.39792e+05    3.01052e+02
 Pres. DC (bar) Pressure (bar)   Constr. rmsd
   -2.26426e+02    2.32286e+02    2.78733e-06


DD  step 49 load imb.: force  3.4%

step 150 Turning on dynamic load balancing, because the performance loss due to load imbalance is 2.6 %.

DD  step 4999  vol min/aver 0.942  load imb.: force  0.5%
           Step           Time
           5000       10.00000

   Energies (kJ/mol)
           Bond          Angle    Proper Dih. Ryckaert-Bell.          LJ-14
    1.46865e+03    3.83476e+03    2.66104e+02    1.76061e+03    2.57222e+03
     Coulomb-14        LJ (SR)  Disper. corr.   Coulomb (SR)   Coul. recip.
    7.60940e+03    9.36260e+04   -4.54120e+03   -6.34351e+05    2.96224e+03
      Potential    Kinetic En.   Total Energy  Conserved En.    Temperature
   -5.24792e+05    8.54711e+04   -4.39321e+05   -4.39742e+05    2.99014e+02
 Pres. DC (bar) Pressure (bar)   Constr. rmsd
   -2.23689e+02   -8.19648e+01    2.68954e-06


DD  step 9999  vol min/aver 0.949  load imb.: force  0.1%
           Step           Time
          10000       20.00000

   Energies (kJ/mol)
           Bond          Angle    Proper Dih. Ryckaert-Bell.          LJ-14
    1.46733e+03    3.65824e+03    2.44319e+02    1.83038e+03    2.63023e+03
     Coulomb-14        LJ (SR)  Disper. corr.   Coulomb (SR)   Coul. recip.
    7.70548e+03    9.40895e+04   -4.57942e+03   -6.34569e+05    2.96066e+03
      Potential    Kinetic En.   Total Energy  Conserved En.    Temperature
   -5.24562e+05    8.60417e+04   -4.38521e+05   -4.39691e+05    3.01010e+02
 Pres. DC (bar) Pressure (bar)   Constr. rmsd
   -2.27466e+02    7.43047e+01    2.94910e-06


DD  step 14999  vol min/aver 0.953  load imb.: force  0.8%
           Step           Time
          15000       30.00000

   Energies (kJ/mol)
           Bond          Angle    Proper Dih. Ryckaert-Bell.          LJ-14
    1.40437e+03    3.84813e+03    2.29247e+02    1.80296e+03    2.66078e+03
     Coulomb-14        LJ (SR)  Disper. corr.   Coulomb (SR)   Coul. recip.
    7.80997e+03    9.22034e+04   -4.53200e+03   -6.33684e+05    2.98767e+03
      Potential    Kinetic En.   Total Energy  Conserved En.    Temperature
   -5.25269e+05    8.58133e+04   -4.39456e+05   -4.39620e+05    3.00212e+02
 Pres. DC (bar) Pressure (bar)   Constr. rmsd
   -2.22785e+02   -2.78062e+02    3.13772e-06


DD  step 19999  vol min/aver 0.952  load imb.: force  0.5%
           Step           Time
          20000       40.00000

   Energies (kJ/mol)
           Bond          Angle    Proper Dih. Ryckaert-Bell.          LJ-14
    1.45521e+03    3.80668e+03    2.68175e+02    1.81174e+03    2.55706e+03
     Coulomb-14        LJ (SR)  Disper. corr.   Coulomb (SR)   Coul. recip.
    7.70556e+03    9.38328e+04   -4.58130e+03   -6.35420e+05    2.84664e+03
      Potential    Kinetic En.   Total Energy  Conserved En.    Temperature
   -5.25718e+05    8.47777e+04   -4.40940e+05   -4.39527e+05    2.96588e+02
 Pres. DC (bar) Pressure (bar)   Constr. rmsd
   -2.27653e+02    2.45478e+01    2.63016e-06


DD  step 24999  vol min/aver 0.944  load imb.: force  0.9%
           Step           Time
          25000       50.00000

   Energies (kJ/mol)
           Bond          Angle    Proper Dih. Ryckaert-Bell.          LJ-14
    1.47657e+03    3.88847e+03    2.66285e+02    1.77490e+03    2.68964e+03
     Coulomb-14        LJ (SR)  Disper. corr.   Coulomb (SR)   Coul. recip.
    7.85092e+03    9.29120e+04   -4.55996e+03   -6.33226e+05    3.04452e+03
      Potential    Kinetic En.   Total Energy  Conserved En.    Temperature
   -5.23882e+05    8.58114e+04   -4.38071e+05   -4.39478e+05    3.00205e+02
 Pres. DC (bar) Pressure (bar)   Constr. rmsd
   -2.25539e+02   -5.20380e+01    3.06576e-06


DD  step 29999  vol min/aver 0.955  load imb.: force  0.4%
           Step           Time
          30000       60.00000

   Energies (kJ/mol)
           Bond          Angle    Proper Dih. Ryckaert-Bell.          LJ-14
    1.45499e+03    3.87398e+03    2.31908e+02    1.79856e+03    2.62647e+03
     Coulomb-14        LJ (SR)  Disper. corr.   Coulomb (SR)   Coul. recip.
    7.79339e+03    9.46962e+04   -4.57418e+03   -6.36180e+05    2.91350e+03
      Potential    Kinetic En.   Total Energy  Conserved En.    Temperature
   -5.25365e+05    8.66063e+04   -4.38759e+05   -4.39438e+05    3.02986e+02
 Pres. DC (bar) Pressure (bar)   Constr. rmsd
   -2.26947e+02    3.34963e+02    2.87080e-06


DD  step 34999  vol min/aver 0.936  load imb.: force  0.9%
           Step           Time
          35000       70.00000

   Energies (kJ/mol)
           Bond          Angle    Proper Dih. Ryckaert-Bell.          LJ-14
    1.37715e+03    3.73110e+03    2.36116e+02    1.82749e+03    2.66216e+03
     Coulomb-14        LJ (SR)  Disper. corr.   Coulomb (SR)   Coul. recip.
    7.78336e+03    9.41569e+04   -4.55552e+03   -6.34055e+05    2.95699e+03
      Potential    Kinetic En.   Total Energy  Conserved En.    Temperature
   -5.23879e+05    8.52960e+04   -4.38583e+05   -4.39377e+05    2.98402e+02
 Pres. DC (bar) Pressure (bar)   Constr. rmsd
   -2.25100e+02    2.13704e+02    2.62965e-06


DD  step 39999  vol min/aver 0.947  load imb.: force  0.3%
           Step           Time
          40000       80.00000

   Energies (kJ/mol)
           Bond          Angle    Proper Dih. Ryckaert-Bell.          LJ-14
    1.37544e+03    3.71351e+03    2.45697e+02    1.78411e+03    2.57836e+03
     Coulomb-14        LJ (SR)  Disper. corr.   Coulomb (SR)   Coul. recip.
    7.68709e+03    9.14571e+04   -4.52772e+03   -6.31521e+05    2.93557e+03
      Potential    Kinetic En.   Total Energy  Conserved En.    Temperature
   -5.24272e+05    8.51081e+04   -4.39164e+05   -4.39350e+05    2.97744e+02
 Pres. DC (bar) Pressure (bar)   Constr. rmsd
   -2.22365e+02   -3.86594e+02    3.09431e-06


DD  step 44999  vol min/aver 0.957  load imb.: force  0.6%
           Step           Time
          45000       90.00000

   Energies (kJ/mol)
           Bond          Angle    Proper Dih. Ryckaert-Bell.          LJ-14
    1.51210e+03    3.80659e+03    2.61464e+02    1.74380e+03    2.70210e+03
     Coulomb-14        LJ (SR)  Disper. corr.   Coulomb (SR)   Coul. recip.
    7.84361e+03    9.47339e+04   -4.56612e+03   -6.35007e+05    2.87510e+03
      Potential    Kinetic En.   Total Energy  Conserved En.    Temperature
   -5.24094e+05    8.65545e+04   -4.37540e+05   -4.39252e+05    3.02804e+02
 Pres. DC (bar) Pressure (bar)   Constr. rmsd
   -2.26148e+02    2.67810e+02    3.09726e-06


DD  step 49999  vol min/aver 0.954  load imb.: force  0.3%
           Step           Time
          50000      100.00000

   Energies (kJ/mol)
           Bond          Angle    Proper Dih. Ryckaert-Bell.          LJ-14
    1.51431e+03    3.86691e+03    2.84952e+02    1.87205e+03    2.59041e+03
     Coulomb-14        LJ (SR)  Disper. corr.   Coulomb (SR)   Coul. recip.
    7.79355e+03    9.36748e+04   -4.56003e+03   -6.34219e+05    2.95482e+03
      Potential    Kinetic En.   Total Energy  Conserved En.    Temperature
   -5.24228e+05    8.56401e+04   -4.38587e+05   -4.39197e+05    2.99606e+02
 Pres. DC (bar) Pressure (bar)   Constr. rmsd
   -2.25546e+02    9.43698e+00    2.95279e-06


DD  step 54999  vol min/aver 0.960  load imb.: force  0.6%
           Step           Time
          55000      110.00000

   Energies (kJ/mol)
           Bond          Angle    Proper Dih. Ryckaert-Bell.          LJ-14
    1.46467e+03    3.75300e+03    2.51719e+02    1.82725e+03    2.61782e+03
     Coulomb-14        LJ (SR)  Disper. corr.   Coulomb (SR)   Coul. recip.
    7.85531e+03    9.35724e+04   -4.55854e+03   -6.33984e+05    2.91181e+03
      Potential    Kinetic En.   Total Energy  Conserved En.    Temperature
   -5.24289e+05    8.55156e+04   -4.38773e+05   -4.39134e+05    2.99170e+02
 Pres. DC (bar) Pressure (bar)   Constr. rmsd
   -2.25399e+02    9.20551e+00    2.65263e-06


DD  step 59999  vol min/aver 0.950  load imb.: force  0.2%
           Step           Time
          60000      120.00000

   Energies (kJ/mol)
           Bond          Angle    Proper Dih. Ryckaert-Bell.          LJ-14
    1.41507e+03    3.79489e+03    2.51014e+02    1.73635e+03    2.60116e+03
     Coulomb-14        LJ (SR)  Disper. corr.   Coulomb (SR)   Coul. recip.
    7.73260e+03    9.40549e+04   -4.58246e+03   -6.36023e+05    2.99187e+03
      Potential    Kinetic En.   Total Energy  Conserved En.    Temperature
   -5.26028e+05    8.52553e+04   -4.40772e+05   -4.39065e+05    2.98259e+02
 Pres. DC (bar) Pressure (bar)   Constr. rmsd
   -2.27767e+02   -1.16390e+01    2.69712e-06


DD  step 64999  vol min/aver 0.953  load imb.: force  0.3%
           Step           Time
          65000      130.00000

   Energies (kJ/mol)
           Bond          Angle    Proper Dih. Ryckaert-Bell.          LJ-14
    1.38034e+03    3.73718e+03    2.54258e+02    1.74775e+03    2.68992e+03
     Coulomb-14        LJ (SR)  Disper. corr.   Coulomb (SR)   Coul. recip.
    7.76941e+03    9.30915e+04   -4.58516e+03   -6.34368e+05    2.94995e+03
      Potential    Kinetic En.   Total Energy  Conserved En.    Temperature
   -5.25333e+05    8.60994e+04   -4.39233e+05   -4.39039e+05    3.01212e+02
 Pres. DC (bar) Pressure (bar)   Constr. rmsd
   -2.28036e+02    6.20549e+01    2.69928e-06


DD  step 69999  vol min/aver 0.950  load imb.: force  0.5%
           Step           Time
          70000      140.00000

   Energies (kJ/mol)
           Bond          Angle    Proper Dih. Ryckaert-Bell.          LJ-14
    1.40493e+03    3.88999e+03    2.43761e+02    1.72710e+03    2.64736e+03
     Coulomb-14        LJ (SR)  Disper. corr.   Coulomb (SR)   Coul. recip.
    7.83758e+03    9.42691e+04   -4.55826e+03   -6.35139e+05    2.96588e+03
      Potential    Kinetic En.   Total Energy  Conserved En.    Temperature
   -5.24712e+05    8.59350e+04   -4.38777e+05   -4.38968e+05    3.00637e+02
 Pres. DC (bar) Pressure (bar)   Constr. rmsd
   -2.25371e+02    2.15352e+02    3.01989e-06


DD  step 74999  vol min/aver 0.951  load imb.: force  0.5%
           Step           Time
          75000      150.00000

   Energies (kJ/mol)
           Bond          Angle    Proper Dih. Ryckaert-Bell.          LJ-14
    1.51102e+03    3.63438e+03    2.40914e+02    1.85652e+03    2.62008e+03
     Coulomb-14        LJ (SR)  Disper. corr.   Coulomb (SR)   Coul. recip.
    7.74844e+03    9.41345e+04   -4.55652e+03   -6.35546e+05    2.97929e+03
      Potential    Kinetic En.   Total Energy  Conserved En.    Temperature
   -5.25378e+05    8.57005e+04   -4.39677e+05   -4.38892e+05    2.99817e+02
 Pres. DC (bar) Pressure (bar)   Constr. rmsd
   -2.25199e+02   -4.72091e+01    2.88587e-06


DD  step 79999  vol min/aver 0.959  load imb.: force  0.3%
           Step           Time
          80000      160.00000

   Energies (kJ/mol)
           Bond          Angle    Proper Dih. Ryckaert-Bell.          LJ-14
    1.58341e+03    3.62164e+03    2.33268e+02    1.81756e+03    2.64719e+03
     Coulomb-14        LJ (SR)  Disper. corr.   Coulomb (SR)   Coul. recip.
    7.65070e+03    9.39882e+04   -4.56101e+03   -6.35412e+05    2.93532e+03
      Potential    Kinetic En.   Total Energy  Conserved En.    Temperature
   -5.25496e+05    8.59997e+04   -4.39496e+05   -4.38854e+05    3.00864e+02
 Pres. DC (bar) Pressure (bar)   Constr. rmsd
   -2.25643e+02   -5.86241e+01    2.68979e-06


DD  step 84999  vol min/aver 0.949  load imb.: force  0.3%
           Step           Time
          85000      170.00000

   Energies (kJ/mol)
           Bond          Angle    Proper Dih. Ryckaert-Bell.          LJ-14
    1.42648e+03    3.82098e+03    2.47721e+02    1.79434e+03    2.74085e+03
     Coulomb-14        LJ (SR)  Disper. corr.   Coulomb (SR)   Coul. recip.
    7.84231e+03    9.38904e+04   -4.54689e+03   -6.34206e+05    2.95748e+03
      Potential    Kinetic En.   Total Energy  Conserved En.    Temperature
   -5.24032e+05    8.54584e+04   -4.38574e+05   -4.38790e+05    2.98970e+02
 Pres. DC (bar) Pressure (bar)   Constr. rmsd
   -2.24249e+02    1.68734e+02    2.50987e-06


DD  step 89999  vol min/aver 0.948  load imb.: force  0.5%
           Step           Time
          90000      180.00000

   Energies (kJ/mol)
           Bond          Angle    Proper Dih. Ryckaert-Bell.          LJ-14
    1.45796e+03    3.64964e+03    2.45828e+02    1.77546e+03    2.70540e+03
     Coulomb-14        LJ (SR)  Disper. corr.   Coulomb (SR)   Coul. recip.
    7.87430e+03    9.35704e+04   -4.55610e+03   -6.34915e+05    2.95978e+03
      Potential    Kinetic En.   Total Energy  Conserved En.    Temperature
   -5.25232e+05    8.55550e+04   -4.39677e+05   -4.38734e+05    2.99308e+02
 Pres. DC (bar) Pressure (bar)   Constr. rmsd
   -2.25158e+02    7.66591e+01    2.96706e-06


DD  step 94999  vol min/aver 0.957  load imb.: force  0.3%
           Step           Time
          95000      190.00000

   Energies (kJ/mol)
           Bond          Angle    Proper Dih. Ryckaert-Bell.          LJ-14
    1.45973e+03    3.86817e+03    2.50939e+02    1.73741e+03    2.67626e+03
     Coulomb-14        LJ (SR)  Disper. corr.   Coulomb (SR)   Coul. recip.
    7.87246e+03    9.36348e+04   -4.56454e+03   -6.34545e+05    2.94189e+03
      Potential    Kinetic En.   Total Energy  Conserved En.    Temperature
   -5.24668e+05    8.61413e+04   -4.38527e+05   -4.38661e+05    3.01359e+02
 Pres. DC (bar) Pressure (bar)   Constr. rmsd
   -2.25991e+02   -4.10026e+01    2.71224e-06


DD  step 99999  vol min/aver 0.942  load imb.: force  0.6%
           Step           Time
         100000      200.00000

   Energies (kJ/mol)
           Bond          Angle    Proper Dih. Ryckaert-Bell.          LJ-14
    1.38818e+03    3.65386e+03    2.26645e+02    1.76462e+03    2.73512e+03
     Coulomb-14        LJ (SR)  Disper. corr.   Coulomb (SR)   Coul. recip.
    7.78126e+03    9.40584e+04   -4.54426e+03   -6.34875e+05    3.00089e+03
      Potential    Kinetic En.   Total Energy  Conserved En.    Temperature
   -5.24811e+05    8.65182e+04   -4.38292e+05   -4.38646e+05    3.02677e+02
 Pres. DC (bar) Pressure (bar)   Constr. rmsd
   -2.23990e+02    1.84947e+02    2.95959e-06


DD  step 104999  vol min/aver 0.950  load imb.: force  0.7%
           Step           Time
         105000      210.00000

   Energies (kJ/mol)
           Bond          Angle    Proper Dih. Ryckaert-Bell.          LJ-14
    1.42931e+03    3.74752e+03    2.37543e+02    1.70131e+03    2.63600e+03
     Coulomb-14        LJ (SR)  Disper. corr.   Coulomb (SR)   Coul. recip.
    7.81348e+03    9.33394e+04   -4.54256e+03   -6.34398e+05    2.96530e+03
      Potential    Kinetic En.   Total Energy  Conserved En.    Temperature
   -5.25071e+05    8.58830e+04   -4.39188e+05   -4.38582e+05    3.00455e+02
 Pres. DC (bar) Pressure (bar)   Constr. rmsd
   -2.23823e+02   -1.72905e+02    2.92711e-06


DD  step 109999  vol min/aver 0.949  load imb.: force  0.8%
           Step           Time
         110000      220.00000

   Energies (kJ/mol)
           Bond          Angle    Proper Dih. Ryckaert-Bell.          LJ-14
    1.50248e+03    3.96470e+03    2.58557e+02    1.80342e+03    2.63926e+03
     Coulomb-14        LJ (SR)  Disper. corr.   Coulomb (SR)   Coul. recip.
    7.81296e+03    9.24711e+04   -4.53643e+03   -6.33347e+05    3.00849e+03
      Potential    Kinetic En.   Total Energy  Conserved En.    Temperature
   -5.24423e+05    8.55850e+04   -4.38838e+05   -4.38500e+05    2.99413e+02
 Pres. DC (bar) Pressure (bar)   Constr. rmsd
   -2.23220e+02   -2.10633e+02    2.86689e-06


DD  step 114999  vol min/aver 0.955  load imb.: force  0.1%
           Step           Time
         115000      230.00000

   Energies (kJ/mol)
           Bond          Angle    Proper Dih. Ryckaert-Bell.          LJ-14
    1.35943e+03    3.72264e+03    2.63834e+02    1.77266e+03    2.74027e+03
     Coulomb-14        LJ (SR)  Disper. corr.   Coulomb (SR)   Coul. recip.
    7.85083e+03    9.33458e+04   -4.56166e+03   -6.33638e+05    3.00087e+03
      Potential    Kinetic En.   Total Energy  Conserved En.    Temperature
   -5.24143e+05    8.59730e+04   -4.38170e+05   -4.38478e+05    3.00770e+02
 Pres. DC (bar) Pressure (bar)   Constr. rmsd
   -2.25707e+02    9.39037e+01    2.85162e-06


DD  step 119999  vol min/aver 0.955  load imb.: force  0.3%
           Step           Time
         120000      240.00000

   Energies (kJ/mol)
           Bond          Angle    Proper Dih. Ryckaert-Bell.          LJ-14
    1.39943e+03    3.66430e+03    2.27451e+02    1.69028e+03    2.68515e+03
     Coulomb-14        LJ (SR)  Disper. corr.   Coulomb (SR)   Coul. recip.
    7.79394e+03    9.27928e+04   -4.55450e+03   -6.33597e+05    2.97593e+03
      Potential    Kinetic En.   Total Energy  Conserved En.    Temperature
   -5.24922e+05    8.54274e+04   -4.39495e+05   -4.38419e+05    2.98861e+02
 Pres. DC (bar) Pressure (bar)   Constr. rmsd
   -2.24999e+02   -1.84581e+01    3.24631e-06


DD  step 124999  vol min/aver 0.957  load imb.: force  0.4%
           Step           Time
         125000      250.00000

   Energies (kJ/mol)
           Bond          Angle    Proper Dih. Ryckaert-Bell.          LJ-14
    1.35812e+03    3.68337e+03    2.49485e+02    1.79181e+03    2.66199e+03
     Coulomb-14        LJ (SR)  Disper. corr.   Coulomb (SR)   Coul. recip.
    7.85473e+03    9.43624e+04   -4.56167e+03   -6.35981e+05    2.84975e+03
      Potential    Kinetic En.   Total Energy  Conserved En.    Temperature
   -5.25731e+05    8.58898e+04   -4.39842e+05   -4.38385e+05    3.00479e+02
 Pres. DC (bar) Pressure (bar)   Constr. rmsd
   -2.25708e+02    8.88905e+01    2.74940e-06


DD  step 129999  vol min/aver 0.948  load imb.: force  0.4%
           Step           Time
         130000      260.00000

   Energies (kJ/mol)
           Bond          Angle    Proper Dih. Ryckaert-Bell.          LJ-14
    1.50920e+03    3.81771e+03    2.37622e+02    1.76488e+03    2.62543e+03
     Coulomb-14        LJ (SR)  Disper. corr.   Coulomb (SR)   Coul. recip.
    7.81676e+03    9.42253e+04   -4.54939e+03   -6.35938e+05    2.90826e+03
      Potential    Kinetic En.   Total Energy  Conserved En.    Temperature
   -5.25582e+05    8.63694e+04   -4.39213e+05   -4.38319e+05    3.02157e+02
 Pres. DC (bar) Pressure (bar)   Constr. rmsd
   -2.24496e+02   -1.47355e+01    2.85666e-06


DD  step 134999  vol min/aver 0.952  load imb.: force  0.4%
           Step           Time
         135000      270.00000

   Energies (kJ/mol)
           Bond          Angle    Proper Dih. Ryckaert-Bell.          LJ-14
    1.49184e+03    3.90157e+03    2.51190e+02    1.81643e+03    2.65445e+03
     Coulomb-14        LJ (SR)  Disper. corr.   Coulomb (SR)   Coul. recip.
    7.83569e+03    9.33213e+04   -4.56098e+03   -6.33264e+05    2.95841e+03
      Potential    Kinetic En.   Total Energy  Conserved En.    Temperature
   -5.23595e+05    8.66140e+04   -4.36980e+05   -4.38270e+05    3.03013e+02
 Pres. DC (bar) Pressure (bar)   Constr. rmsd
   -2.25640e+02    6.37458e+01    3.42541e-06


DD  step 139999  vol min/aver 0.953  load imb.: force  0.5%
           Step           Time
         140000      280.00000

   Energies (kJ/mol)
           Bond          Angle    Proper Dih. Ryckaert-Bell.          LJ-14
    1.43464e+03    3.73934e+03    2.51762e+02    1.76874e+03    2.68467e+03
     Coulomb-14        LJ (SR)  Disper. corr.   Coulomb (SR)   Coul. recip.
    7.76841e+03    9.49274e+04   -4.58695e+03   -6.35463e+05    2.88129e+03
      Potential    Kinetic En.   Total Energy  Conserved En.    Temperature
   -5.24594e+05    8.59512e+04   -4.38642e+05   -4.38208e+05    3.00694e+02
 Pres. DC (bar) Pressure (bar)   Constr. rmsd
   -2.28214e+02    4.13698e+02    2.71292e-06


DD  step 144999  vol min/aver 0.960  load imb.: force  0.3%
           Step           Time
         145000      290.00000

   Energies (kJ/mol)
           Bond          Angle    Proper Dih. Ryckaert-Bell.          LJ-14
    1.54960e+03    3.68423e+03    2.59131e+02    1.89463e+03    2.56619e+03
     Coulomb-14        LJ (SR)  Disper. corr.   Coulomb (SR)   Coul. recip.
    7.78594e+03    9.27195e+04   -4.55800e+03   -6.34644e+05    2.85406e+03
      Potential    Kinetic En.   Total Energy  Conserved En.    Temperature
   -5.25889e+05    8.59925e+04   -4.39897e+05   -4.38147e+05    3.00838e+02
 Pres. DC (bar) Pressure (bar)   Constr. rmsd
   -2.25345e+02   -3.44244e+02    3.19071e-06

Writing checkpoint, step 147250 at Sat Oct  8 05:00:52 2022



DD  step 149999  vol min/aver 0.950  load imb.: force  0.3%
           Step           Time
         150000      300.00000

   Energies (kJ/mol)
           Bond          Angle    Proper Dih. Ryckaert-Bell.          LJ-14
    1.49249e+03    3.70326e+03    2.47825e+02    1.81428e+03    2.63542e+03
     Coulomb-14        LJ (SR)  Disper. corr.   Coulomb (SR)   Coul. recip.
    7.76689e+03    9.47460e+04   -4.56834e+03   -6.35494e+05    2.93449e+03
      Potential    Kinetic En.   Total Energy  Conserved En.    Temperature
   -5.24722e+05    8.64258e+04   -4.38296e+05   -4.38083e+05    3.02354e+02
 Pres. DC (bar) Pressure (bar)   Constr. rmsd
   -2.26368e+02    1.88268e+02    3.05388e-06


DD  step 154999  vol min/aver 0.947  load imb.: force  0.4%
           Step           Time
         155000      310.00000

   Energies (kJ/mol)
           Bond          Angle    Proper Dih. Ryckaert-Bell.          LJ-14
    1.56139e+03    3.89121e+03    2.50166e+02    1.74283e+03    2.59890e+03
     Coulomb-14        LJ (SR)  Disper. corr.   Coulomb (SR)   Coul. recip.
    7.77372e+03    9.44204e+04   -4.56178e+03   -6.36479e+05    2.93682e+03
      Potential    Kinetic En.   Total Energy  Conserved En.    Temperature
   -5.25866e+05    8.63730e+04   -4.39493e+05   -4.38009e+05    3.02169e+02
 Pres. DC (bar) Pressure (bar)   Constr. rmsd
   -2.25719e+02    4.81867e+01    2.83209e-06


DD  step 159999  vol min/aver 0.940  load imb.: force  0.2%
           Step           Time
         160000      320.00000

   Energies (kJ/mol)
           Bond          Angle    Proper Dih. Ryckaert-Bell.          LJ-14
    1.43975e+03    3.69341e+03    2.33675e+02    1.80455e+03    2.65231e+03
     Coulomb-14        LJ (SR)  Disper. corr.   Coulomb (SR)   Coul. recip.
    7.87018e+03    9.29989e+04   -4.55480e+03   -6.33908e+05    2.90514e+03
      Potential    Kinetic En.   Total Energy  Conserved En.    Temperature
   -5.24865e+05    8.58973e+04   -4.38968e+05   -4.37962e+05    3.00505e+02
 Pres. DC (bar) Pressure (bar)   Constr. rmsd
   -2.25030e+02   -1.69472e+02    2.92308e-06


DD  step 164999  vol min/aver 0.952  load imb.: force  0.4%
           Step           Time
         165000      330.00000

   Energies (kJ/mol)
           Bond          Angle    Proper Dih. Ryckaert-Bell.          LJ-14
    1.47549e+03    3.54382e+03    2.10947e+02    1.61932e+03    2.73249e+03
     Coulomb-14        LJ (SR)  Disper. corr.   Coulomb (SR)   Coul. recip.
    7.82569e+03    9.31737e+04   -4.54447e+03   -6.33602e+05    2.91685e+03
      Potential    Kinetic En.   Total Energy  Conserved En.    Temperature
   -5.24648e+05    8.45024e+04   -4.40145e+05   -4.37911e+05    2.95625e+02
 Pres. DC (bar) Pressure (bar)   Constr. rmsd
   -2.24012e+02   -2.17820e+02    2.81245e-06


DD  step 169999  vol min/aver 0.948  load imb.: force  0.7%
           Step           Time
         170000      340.00000

   Energies (kJ/mol)
           Bond          Angle    Proper Dih. Ryckaert-Bell.          LJ-14
    1.55074e+03    3.83804e+03    2.45969e+02    1.76743e+03    2.73698e+03
     Coulomb-14        LJ (SR)  Disper. corr.   Coulomb (SR)   Coul. recip.
    7.88672e+03    9.49546e+04   -4.57259e+03   -6.36328e+05    2.82755e+03
      Potential    Kinetic En.   Total Energy  Conserved En.    Temperature
   -5.25093e+05    8.61758e+04   -4.38917e+05   -4.37830e+05    3.01480e+02
 Pres. DC (bar) Pressure (bar)   Constr. rmsd
   -2.26789e+02    2.32456e+02    3.00182e-06


DD  step 174999  vol min/aver 0.949  load imb.: force  0.5%
           Step           Time
         175000      350.00000

   Energies (kJ/mol)
           Bond          Angle    Proper Dih. Ryckaert-Bell.          LJ-14
    1.46794e+03    3.62458e+03    3.00749e+02    1.78055e+03    2.68287e+03
     Coulomb-14        LJ (SR)  Disper. corr.   Coulomb (SR)   Coul. recip.
    7.73991e+03    9.48078e+04   -4.55273e+03   -6.36065e+05    2.96061e+03
      Potential    Kinetic En.   Total Energy  Conserved En.    Temperature
   -5.25252e+05    8.54002e+04   -4.39852e+05   -4.37790e+05    2.98766e+02
 Pres. DC (bar) Pressure (bar)   Constr. rmsd
   -2.24825e+02    1.45850e+02    3.07995e-06


DD  step 179999  vol min/aver 0.950  load imb.: force  0.6%
           Step           Time
         180000      360.00000

   Energies (kJ/mol)
           Bond          Angle    Proper Dih. Ryckaert-Bell.          LJ-14
    1.37294e+03    3.91046e+03    2.65440e+02    1.80694e+03    2.67769e+03
     Coulomb-14        LJ (SR)  Disper. corr.   Coulomb (SR)   Coul. recip.
    7.75723e+03    9.45154e+04   -4.55067e+03   -6.35659e+05    2.92208e+03
      Potential    Kinetic En.   Total Energy  Conserved En.    Temperature
   -5.24982e+05    8.70676e+04   -4.37914e+05   -4.37756e+05    3.04599e+02
 Pres. DC (bar) Pressure (bar)   Constr. rmsd
   -2.24622e+02    1.04547e+02    3.31682e-06


DD  step 184999  vol min/aver 0.955  load imb.: force  0.5%
           Step           Time
         185000      370.00000

   Energies (kJ/mol)
           Bond          Angle    Proper Dih. Ryckaert-Bell.          LJ-14
    1.51900e+03    3.66049e+03    2.58542e+02    1.76019e+03    2.63406e+03
     Coulomb-14        LJ (SR)  Disper. corr.   Coulomb (SR)   Coul. recip.
    7.75973e+03    9.60159e+04   -4.54869e+03   -6.37869e+05    2.91239e+03
      Potential    Kinetic En.   Total Energy  Conserved En.    Temperature
   -5.25897e+05    8.56233e+04   -4.40274e+05   -4.37698e+05    2.99547e+02
 Pres. DC (bar) Pressure (bar)   Constr. rmsd
   -2.24427e+02    1.26618e+02    2.89604e-06


DD  step 189999  vol min/aver 0.952  load imb.: force  0.4%
           Step           Time
         190000      380.00000

   Energies (kJ/mol)
           Bond          Angle    Proper Dih. Ryckaert-Bell.          LJ-14
    1.44740e+03    3.89882e+03    2.55894e+02    1.73889e+03    2.64083e+03
     Coulomb-14        LJ (SR)  Disper. corr.   Coulomb (SR)   Coul. recip.
    7.79698e+03    9.39966e+04   -4.55618e+03   -6.34886e+05    2.89971e+03
      Potential    Kinetic En.   Total Energy  Conserved En.    Temperature
   -5.24767e+05    8.69690e+04   -4.37798e+05   -4.37641e+05    3.04255e+02
 Pres. DC (bar) Pressure (bar)   Constr. rmsd
   -2.25166e+02    4.90584e+01    3.09893e-06


DD  step 194999  vol min/aver 0.952  load imb.: force  0.1%
           Step           Time
         195000      390.00000

   Energies (kJ/mol)
           Bond          Angle    Proper Dih. Ryckaert-Bell.          LJ-14
    1.45714e+03    3.77739e+03    2.58631e+02    1.77988e+03    2.60199e+03
     Coulomb-14        LJ (SR)  Disper. corr.   Coulomb (SR)   Coul. recip.
    7.86823e+03    9.38105e+04   -4.55425e+03   -6.34544e+05    2.89673e+03
      Potential    Kinetic En.   Total Energy  Conserved En.    Temperature
   -5.24648e+05    8.54300e+04   -4.39218e+05   -4.37586e+05    2.98871e+02
 Pres. DC (bar) Pressure (bar)   Constr. rmsd
   -2.24976e+02   -1.14099e+02    2.92385e-06


DD  step 199999  vol min/aver 0.956  load imb.: force  0.6%
           Step           Time
         200000      400.00000

   Energies (kJ/mol)
           Bond          Angle    Proper Dih. Ryckaert-Bell.          LJ-14
    1.45008e+03    3.76413e+03    2.53151e+02    1.76151e+03    2.69078e+03
     Coulomb-14        LJ (SR)  Disper. corr.   Coulomb (SR)   Coul. recip.
    7.88817e+03    9.30467e+04   -4.56135e+03   -6.34966e+05    2.91269e+03
      Potential    Kinetic En.   Total Energy  Conserved En.    Temperature
   -5.25760e+05    8.53339e+04   -4.40426e+05   -4.37533e+05    2.98534e+02
 Pres. DC (bar) Pressure (bar)   Constr. rmsd
   -2.25677e+02   -1.89372e+02    2.73683e-06


DD  step 204999  vol min/aver 0.949  load imb.: force  0.4%
           Step           Time
         205000      410.00000

   Energies (kJ/mol)
           Bond          Angle    Proper Dih. Ryckaert-Bell.          LJ-14
    1.51840e+03    3.77206e+03    2.36701e+02    1.71507e+03    2.70749e+03
     Coulomb-14        LJ (SR)  Disper. corr.   Coulomb (SR)   Coul. recip.
    7.85543e+03    9.40258e+04   -4.55488e+03   -6.35036e+05    2.93638e+03
      Potential    Kinetic En.   Total Energy  Conserved En.    Temperature
   -5.24823e+05    8.57399e+04   -4.39083e+05   -4.37458e+05    2.99955e+02
 Pres. DC (bar) Pressure (bar)   Constr. rmsd
   -2.25037e+02    2.98753e+01    2.77858e-06


DD  step 209999  vol min/aver 0.962  load imb.: force  0.5%
           Step           Time
         210000      420.00000

   Energies (kJ/mol)
           Bond          Angle    Proper Dih. Ryckaert-Bell.          LJ-14
    1.44454e+03    3.73616e+03    2.94860e+02    1.77293e+03    2.67875e+03
     Coulomb-14        LJ (SR)  Disper. corr.   Coulomb (SR)   Coul. recip.
    7.82636e+03    9.32620e+04   -4.53974e+03   -6.33759e+05    2.92569e+03
      Potential    Kinetic En.   Total Energy  Conserved En.    Temperature
   -5.24357e+05    8.62102e+04   -4.38147e+05   -4.37415e+05    3.01600e+02
 Pres. DC (bar) Pressure (bar)   Constr. rmsd
   -2.23546e+02   -1.08981e+02    2.91042e-06


DD  step 214999  vol min/aver 0.959  load imb.: force  0.7%
           Step           Time
         215000      430.00000

   Energies (kJ/mol)
           Bond          Angle    Proper Dih. Ryckaert-Bell.          LJ-14
    1.35258e+03    3.63195e+03    2.54878e+02    1.86037e+03    2.67788e+03
     Coulomb-14        LJ (SR)  Disper. corr.   Coulomb (SR)   Coul. recip.
    7.76018e+03    9.38009e+04   -4.56827e+03   -6.35437e+05    2.93298e+03
      Potential    Kinetic En.   Total Energy  Conserved En.    Temperature
   -5.25734e+05    8.54599e+04   -4.40274e+05   -4.37354e+05    2.98975e+02
 Pres. DC (bar) Pressure (bar)   Constr. rmsd
   -2.26360e+02    1.04294e+02    3.27898e-06


DD  step 219999  vol min/aver 0.957  load imb.: force  0.3%
           Step           Time
         220000      440.00000

   Energies (kJ/mol)
           Bond          Angle    Proper Dih. Ryckaert-Bell.          LJ-14
    1.45426e+03    3.72618e+03    2.47699e+02    1.76310e+03    2.63624e+03
     Coulomb-14        LJ (SR)  Disper. corr.   Coulomb (SR)   Coul. recip.
    7.83435e+03    9.40418e+04   -4.54512e+03   -6.34592e+05    2.96529e+03
      Potential    Kinetic En.   Total Energy  Conserved En.    Temperature
   -5.24468e+05    8.57187e+04   -4.38749e+05   -4.37290e+05    2.99880e+02
 Pres. DC (bar) Pressure (bar)   Constr. rmsd
   -2.24075e+02    2.47529e+01    3.21125e-06


DD  step 224999  vol min/aver 0.949  load imb.: force  0.5%
           Step           Time
         225000      450.00000

   Energies (kJ/mol)
           Bond          Angle    Proper Dih. Ryckaert-Bell.          LJ-14
    1.46460e+03    3.72065e+03    2.78927e+02    1.78555e+03    2.73987e+03
     Coulomb-14        LJ (SR)  Disper. corr.   Coulomb (SR)   Coul. recip.
    7.93633e+03    9.40066e+04   -4.57497e+03   -6.36535e+05    2.91544e+03
      Potential    Kinetic En.   Total Energy  Conserved En.    Temperature
   -5.26262e+05    8.54686e+04   -4.40794e+05   -4.37204e+05    2.99005e+02
 Pres. DC (bar) Pressure (bar)   Constr. rmsd
   -2.27024e+02    1.40055e+02    2.62173e-06


DD  step 229999  vol min/aver 0.948  load imb.: force  0.3%
           Step           Time
         230000      460.00000

   Energies (kJ/mol)
           Bond          Angle    Proper Dih. Ryckaert-Bell.          LJ-14
    1.41293e+03    3.65135e+03    2.38737e+02    1.77579e+03    2.64816e+03
     Coulomb-14        LJ (SR)  Disper. corr.   Coulomb (SR)   Coul. recip.
    7.80765e+03    9.32062e+04   -4.56140e+03   -6.34198e+05    2.82627e+03
      Potential    Kinetic En.   Total Energy  Conserved En.    Temperature
   -5.25192e+05    8.54516e+04   -4.39741e+05   -4.37137e+05    2.98946e+02
 Pres. DC (bar) Pressure (bar)   Constr. rmsd
   -2.25682e+02   -1.58408e+01    2.91572e-06


DD  step 234999  vol min/aver 0.950  load imb.: force  0.4%
           Step           Time
         235000      470.00000

   Energies (kJ/mol)
           Bond          Angle    Proper Dih. Ryckaert-Bell.          LJ-14
    1.51904e+03    3.79175e+03    2.38217e+02    1.76409e+03    2.59876e+03
     Coulomb-14        LJ (SR)  Disper. corr.   Coulomb (SR)   Coul. recip.
    7.83503e+03    9.28432e+04   -4.53249e+03   -6.33102e+05    2.92940e+03
      Potential    Kinetic En.   Total Energy  Conserved En.    Temperature
   -5.24116e+05    8.56865e+04   -4.38429e+05   -4.37059e+05    2.99768e+02
 Pres. DC (bar) Pressure (bar)   Constr. rmsd
   -2.22833e+02   -2.19854e+02    2.81893e-06


DD  step 239999  vol min/aver 0.948  load imb.: force  0.5%
           Step           Time
         240000      480.00000

   Energies (kJ/mol)
           Bond          Angle    Proper Dih. Ryckaert-Bell.          LJ-14
    1.51584e+03    3.60219e+03    2.54301e+02    1.90322e+03    2.62211e+03
     Coulomb-14        LJ (SR)  Disper. corr.   Coulomb (SR)   Coul. recip.
    7.88958e+03    9.31232e+04   -4.54428e+03   -6.34569e+05    2.88517e+03
      Potential    Kinetic En.   Total Energy  Conserved En.    Temperature
   -5.25318e+05    8.58459e+04   -4.39472e+05   -4.37019e+05    3.00326e+02
 Pres. DC (bar) Pressure (bar)   Constr. rmsd
   -2.23993e+02   -2.23274e+02    3.18553e-06


DD  step 244999  vol min/aver 0.953  load imb.: force  0.3%
           Step           Time
         245000      490.00000

   Energies (kJ/mol)
           Bond          Angle    Proper Dih. Ryckaert-Bell.          LJ-14
    1.46963e+03    3.71599e+03    2.41995e+02    1.82870e+03    2.63253e+03
     Coulomb-14        LJ (SR)  Disper. corr.   Coulomb (SR)   Coul. recip.
    7.82706e+03    9.33700e+04   -4.57519e+03   -6.34175e+05    2.91876e+03
      Potential    Kinetic En.   Total Energy  Conserved En.    Temperature
   -5.24745e+05    8.51061e+04   -4.39639e+05   -4.36958e+05    2.97737e+02
 Pres. DC (bar) Pressure (bar)   Constr. rmsd
   -2.27046e+02   -4.29939e+01    2.76742e-06


DD  step 249999  vol min/aver 0.950  load imb.: force  0.6%
           Step           Time
         250000      500.00000

   Energies (kJ/mol)
           Bond          Angle    Proper Dih. Ryckaert-Bell.          LJ-14
    1.52061e+03    3.86155e+03    2.15389e+02    1.70628e+03    2.66062e+03
     Coulomb-14        LJ (SR)  Disper. corr.   Coulomb (SR)   Coul. recip.
    7.81954e+03    9.29339e+04   -4.56343e+03   -6.33549e+05    2.95486e+03
      Potential    Kinetic En.   Total Energy  Conserved En.    Temperature
   -5.24440e+05    8.46342e+04   -4.39806e+05   -4.36882e+05    2.96086e+02
 Pres. DC (bar) Pressure (bar)   Constr. rmsd
   -2.25882e+02   -3.78812e+00    2.40583e-06


DD  step 254999  vol min/aver 0.953  load imb.: force  0.3%
           Step           Time
         255000      510.00000

   Energies (kJ/mol)
           Bond          Angle    Proper Dih. Ryckaert-Bell.          LJ-14
    1.48317e+03    3.79853e+03    2.41450e+02    1.75361e+03    2.62857e+03
     Coulomb-14        LJ (SR)  Disper. corr.   Coulomb (SR)   Coul. recip.
    7.83534e+03    9.32312e+04   -4.57593e+03   -6.34806e+05    2.96159e+03
      Potential    Kinetic En.   Total Energy  Conserved En.    Temperature
   -5.25448e+05    8.52235e+04   -4.40225e+05   -4.36850e+05    2.98148e+02
 Pres. DC (bar) Pressure (bar)   Constr. rmsd
   -2.27120e+02   -1.45122e+02    3.08624e-06


DD  step 259999  vol min/aver 0.948  load imb.: force  0.4%
           Step           Time
         260000      520.00000

   Energies (kJ/mol)
           Bond          Angle    Proper Dih. Ryckaert-Bell.          LJ-14
    1.42860e+03    3.75715e+03    2.54538e+02    1.85306e+03    2.69665e+03
     Coulomb-14        LJ (SR)  Disper. corr.   Coulomb (SR)   Coul. recip.
    7.91207e+03    9.32533e+04   -4.52832e+03   -6.34215e+05    2.87850e+03
      Potential    Kinetic En.   Total Energy  Conserved En.    Temperature
   -5.24709e+05    8.53555e+04   -4.39353e+05   -4.36796e+05    2.98610e+02
 Pres. DC (bar) Pressure (bar)   Constr. rmsd
   -2.22424e+02   -2.24209e+02    3.33254e-06


DD  step 264999  vol min/aver 0.960  load imb.: force  0.6%
           Step           Time
         265000      530.00000

   Energies (kJ/mol)
           Bond          Angle    Proper Dih. Ryckaert-Bell.          LJ-14
    1.59074e+03    3.69938e+03    2.07859e+02    1.78988e+03    2.67413e+03
     Coulomb-14        LJ (SR)  Disper. corr.   Coulomb (SR)   Coul. recip.
    7.88287e+03    9.38617e+04   -4.56288e+03   -6.34750e+05    2.86525e+03
      Potential    Kinetic En.   Total Energy  Conserved En.    Temperature
   -5.24741e+05    8.63155e+04   -4.38426e+05   -4.36746e+05    3.01968e+02
 Pres. DC (bar) Pressure (bar)   Constr. rmsd
   -2.25827e+02    5.05891e+01    2.76803e-06


DD  step 269999  vol min/aver 0.949  load imb.: force  0.4%
           Step           Time
         270000      540.00000

   Energies (kJ/mol)
           Bond          Angle    Proper Dih. Ryckaert-Bell.          LJ-14
    1.47771e+03    3.75772e+03    2.39119e+02    1.78216e+03    2.74066e+03
     Coulomb-14        LJ (SR)  Disper. corr.   Coulomb (SR)   Coul. recip.
    7.92915e+03    9.34779e+04   -4.55524e+03   -6.34977e+05    2.92184e+03
      Potential    Kinetic En.   Total Energy  Conserved En.    Temperature
   -5.25206e+05    8.56464e+04   -4.39559e+05   -4.36689e+05    2.99628e+02
 Pres. DC (bar) Pressure (bar)   Constr. rmsd
   -2.25073e+02    6.33649e+01    3.02168e-06


DD  step 274999  vol min/aver 0.956  load imb.: force  0.3%
           Step           Time
         275000      550.00000

   Energies (kJ/mol)
           Bond          Angle    Proper Dih. Ryckaert-Bell.          LJ-14
    1.47020e+03    3.76494e+03    2.51347e+02    1.73729e+03    2.68654e+03
     Coulomb-14        LJ (SR)  Disper. corr.   Coulomb (SR)   Coul. recip.
    7.83116e+03    9.41858e+04   -4.55730e+03   -6.35195e+05    2.93535e+03
      Potential    Kinetic En.   Total Energy  Conserved En.    Temperature
   -5.24889e+05    8.65820e+04   -4.38307e+05   -4.36649e+05    3.02901e+02
 Pres. DC (bar) Pressure (bar)   Constr. rmsd
   -2.25277e+02    7.80597e+00    3.20158e-06


DD  step 279999  vol min/aver 0.956  load imb.: force  0.3%
           Step           Time
         280000      560.00000

   Energies (kJ/mol)
           Bond          Angle    Proper Dih. Ryckaert-Bell.          LJ-14
    1.44061e+03    3.76449e+03    2.39810e+02    1.73249e+03    2.64941e+03
     Coulomb-14        LJ (SR)  Disper. corr.   Coulomb (SR)   Coul. recip.
    7.71181e+03    9.40435e+04   -4.56306e+03   -6.34857e+05    2.95563e+03
      Potential    Kinetic En.   Total Energy  Conserved En.    Temperature
   -5.24882e+05    8.63890e+04   -4.38493e+05   -4.36577e+05    3.02225e+02
 Pres. DC (bar) Pressure (bar)   Constr. rmsd
   -2.25846e+02    1.37028e+01    3.29379e-06


DD  step 284999  vol min/aver 0.948  load imb.: force  0.2%
           Step           Time
         285000      570.00000

   Energies (kJ/mol)
           Bond          Angle    Proper Dih. Ryckaert-Bell.          LJ-14
    1.53913e+03    3.74551e+03    2.57062e+02    1.85349e+03    2.66651e+03
     Coulomb-14        LJ (SR)  Disper. corr.   Coulomb (SR)   Coul. recip.
    7.83116e+03    9.27108e+04   -4.56842e+03   -6.33643e+05    3.03001e+03
      Potential    Kinetic En.   Total Energy  Conserved En.    Temperature
   -5.24578e+05    8.61887e+04   -4.38389e+05   -4.36504e+05    3.01525e+02
 Pres. DC (bar) Pressure (bar)   Constr. rmsd
   -2.26376e+02   -7.23082e+01    2.71448e-06


DD  step 289999  vol min/aver 0.956  load imb.: force  0.3%
           Step           Time
         290000      580.00000

   Energies (kJ/mol)
           Bond          Angle    Proper Dih. Ryckaert-Bell.          LJ-14
    1.54453e+03    3.87722e+03    2.61971e+02    1.81679e+03    2.67306e+03
     Coulomb-14        LJ (SR)  Disper. corr.   Coulomb (SR)   Coul. recip.
    7.93728e+03    9.30896e+04   -4.54141e+03   -6.33601e+05    2.99033e+03
      Potential    Kinetic En.   Total Energy  Conserved En.    Temperature
   -5.23952e+05    8.61889e+04   -4.37763e+05   -4.36467e+05    3.01525e+02
 Pres. DC (bar) Pressure (bar)   Constr. rmsd
   -2.23710e+02   -1.52808e+02    3.37673e-06

Writing checkpoint, step 294450 at Sat Oct  8 05:15:52 2022



DD  step 294999  vol min/aver 0.956  load imb.: force  0.5%
           Step           Time
         295000      590.00000

   Energies (kJ/mol)
           Bond          Angle    Proper Dih. Ryckaert-Bell.          LJ-14
    1.43521e+03    3.60450e+03    2.84050e+02    1.80631e+03    2.62378e+03
     Coulomb-14        LJ (SR)  Disper. corr.   Coulomb (SR)   Coul. recip.
    7.82183e+03    9.32092e+04   -4.54317e+03   -6.34260e+05    3.01811e+03
      Potential    Kinetic En.   Total Energy  Conserved En.    Temperature
   -5.25000e+05    8.52751e+04   -4.39725e+05   -4.36426e+05    2.98328e+02
 Pres. DC (bar) Pressure (bar)   Constr. rmsd
   -2.23883e+02   -1.16631e+02    2.96991e-06


DD  step 299999  vol min/aver 0.954  load imb.: force  0.2%
           Step           Time
         300000      600.00000

   Energies (kJ/mol)
           Bond          Angle    Proper Dih. Ryckaert-Bell.          LJ-14
    1.44547e+03    3.90802e+03    2.42466e+02    1.81574e+03    2.67378e+03
     Coulomb-14        LJ (SR)  Disper. corr.   Coulomb (SR)   Coul. recip.
    7.87923e+03    9.27503e+04   -4.55559e+03   -6.33783e+05    2.88081e+03
      Potential    Kinetic En.   Total Energy  Conserved En.    Temperature
   -5.24743e+05    8.54176e+04   -4.39325e+05   -4.36369e+05    2.98827e+02
 Pres. DC (bar) Pressure (bar)   Constr. rmsd
   -2.25107e+02   -1.96532e+02    2.69479e-06


DD  step 304999  vol min/aver 0.946  load imb.: force  0.6%
           Step           Time
         305000      610.00000

   Energies (kJ/mol)
           Bond          Angle    Proper Dih. Ryckaert-Bell.          LJ-14
    1.49518e+03    3.83544e+03    2.64075e+02    1.89851e+03    2.69040e+03
     Coulomb-14        LJ (SR)  Disper. corr.   Coulomb (SR)   Coul. recip.
    7.83983e+03    9.33303e+04   -4.55752e+03   -6.33759e+05    2.89795e+03
      Potential    Kinetic En.   Total Energy  Conserved En.    Temperature
   -5.24065e+05    8.59106e+04   -4.38154e+05   -4.36319e+05    3.00552e+02
 Pres. DC (bar) Pressure (bar)   Constr. rmsd
   -2.25298e+02    6.39437e+01    2.50112e-06


DD  step 309999  vol min/aver 0.950  load imb.: force  0.7%
           Step           Time
         310000      620.00000

   Energies (kJ/mol)
           Bond          Angle    Proper Dih. Ryckaert-Bell.          LJ-14
    1.40895e+03    3.80832e+03    2.50125e+02    1.70032e+03    2.60215e+03
     Coulomb-14        LJ (SR)  Disper. corr.   Coulomb (SR)   Coul. recip.
    7.84291e+03    9.37629e+04   -4.55928e+03   -6.34982e+05    2.83176e+03
      Potential    Kinetic En.   Total Energy  Conserved En.    Temperature
   -5.25334e+05    8.53165e+04   -4.40017e+05   -4.36273e+05    2.98473e+02
 Pres. DC (bar) Pressure (bar)   Constr. rmsd
   -2.25472e+02    3.94843e+01    2.74350e-06


DD  step 314999  vol min/aver 0.946  load imb.: force  0.2%
           Step           Time
         315000      630.00000

   Energies (kJ/mol)
           Bond          Angle    Proper Dih. Ryckaert-Bell.          LJ-14
    1.32229e+03    3.60646e+03    2.63069e+02    1.87256e+03    2.68318e+03
     Coulomb-14        LJ (SR)  Disper. corr.   Coulomb (SR)   Coul. recip.
    7.90903e+03    9.36606e+04   -4.57409e+03   -6.34810e+05    2.84623e+03
      Potential    Kinetic En.   Total Energy  Conserved En.    Temperature
   -5.25221e+05    8.50128e+04   -4.40208e+05   -4.36194e+05    2.97411e+02
 Pres. DC (bar) Pressure (bar)   Constr. rmsd
   -2.26937e+02    2.08966e+02    3.35089e-06


DD  step 319999  vol min/aver 0.953  load imb.: force  0.2%
           Step           Time
         320000      640.00000

   Energies (kJ/mol)
           Bond          Angle    Proper Dih. Ryckaert-Bell.          LJ-14
    1.46943e+03    3.78068e+03    2.61259e+02    1.74454e+03    2.66739e+03
     Coulomb-14        LJ (SR)  Disper. corr.   Coulomb (SR)   Coul. recip.
    7.80426e+03    9.36072e+04   -4.54919e+03   -6.34186e+05    3.00410e+03
      Potential    Kinetic En.   Total Energy  Conserved En.    Temperature
   -5.24396e+05    8.60434e+04   -4.38353e+05   -4.36124e+05    3.01016e+02
 Pres. DC (bar) Pressure (bar)   Constr. rmsd
   -2.24476e+02    9.96004e+01    2.81310e-06


DD  step 324999  vol min/aver 0.947  load imb.: force  0.3%
           Step           Time
         325000      650.00000

   Energies (kJ/mol)
           Bond          Angle    Proper Dih. Ryckaert-Bell.          LJ-14
    1.38345e+03    3.66026e+03    2.42446e+02    1.82806e+03    2.63953e+03
     Coulomb-14        LJ (SR)  Disper. corr.   Coulomb (SR)   Coul. recip.
    7.84499e+03    9.45557e+04   -4.56683e+03   -6.35854e+05    2.93786e+03
      Potential    Kinetic En.   Total Energy  Conserved En.    Temperature
   -5.25328e+05    8.50941e+04   -4.40234e+05   -4.36089e+05    2.97695e+02
 Pres. DC (bar) Pressure (bar)   Constr. rmsd
   -2.26218e+02    6.39583e+01    3.01140e-06


DD  step 329999  vol min/aver 0.954  load imb.: force  0.4%
           Step           Time
         330000      660.00000

   Energies (kJ/mol)
           Bond          Angle    Proper Dih. Ryckaert-Bell.          LJ-14
    1.62933e+03    3.62611e+03    2.79238e+02    1.73476e+03    2.71099e+03
     Coulomb-14        LJ (SR)  Disper. corr.   Coulomb (SR)   Coul. recip.
    7.82101e+03    9.51154e+04   -4.55378e+03   -6.36234e+05    2.96200e+03
      Potential    Kinetic En.   Total Energy  Conserved En.    Temperature
   -5.24909e+05    8.57543e+04   -4.39154e+05   -4.36009e+05    3.00005e+02
 Pres. DC (bar) Pressure (bar)   Constr. rmsd
   -2.24929e+02    1.23766e+02    2.96170e-06


DD  step 334999  vol min/aver 0.955  load imb.: force  1.1%
           Step           Time
         335000      670.00000

   Energies (kJ/mol)
           Bond          Angle    Proper Dih. Ryckaert-Bell.          LJ-14
    1.43021e+03    3.72292e+03    2.68344e+02    1.80536e+03    2.69540e+03
     Coulomb-14        LJ (SR)  Disper. corr.   Coulomb (SR)   Coul. recip.
    7.88538e+03    9.48315e+04   -4.57263e+03   -6.36154e+05    2.92159e+03
      Potential    Kinetic En.   Total Energy  Conserved En.    Temperature
   -5.25166e+05    8.53012e+04   -4.39865e+05   -4.35939e+05    2.98420e+02
 Pres. DC (bar) Pressure (bar)   Constr. rmsd
   -2.26792e+02    2.59806e+02    2.74227e-06


DD  step 339999  vol min/aver 0.956  load imb.: force  0.4%
           Step           Time
         340000      680.00000

   Energies (kJ/mol)
           Bond          Angle    Proper Dih. Ryckaert-Bell.          LJ-14
    1.43899e+03    3.70190e+03    2.61019e+02    1.77724e+03    2.75257e+03
     Coulomb-14        LJ (SR)  Disper. corr.   Coulomb (SR)   Coul. recip.
    7.75494e+03    9.42172e+04   -4.57431e+03   -6.36156e+05    2.91565e+03
      Potential    Kinetic En.   Total Energy  Conserved En.    Temperature
   -5.25911e+05    8.58973e+04   -4.40013e+05   -4.35866e+05    3.00505e+02
 Pres. DC (bar) Pressure (bar)   Constr. rmsd
   -2.26959e+02    2.57564e+02    3.12240e-06


DD  step 344999  vol min/aver 0.944  load imb.: force  0.7%
           Step           Time
         345000      690.00000

   Energies (kJ/mol)
           Bond          Angle    Proper Dih. Ryckaert-Bell.          LJ-14
    1.41547e+03    3.69339e+03    2.75497e+02    1.78455e+03    2.71126e+03
     Coulomb-14        LJ (SR)  Disper. corr.   Coulomb (SR)   Coul. recip.
    7.93228e+03    9.45112e+04   -4.56475e+03   -6.35548e+05    2.92891e+03
      Potential    Kinetic En.   Total Energy  Conserved En.    Temperature
   -5.24860e+05    8.63788e+04   -4.38481e+05   -4.35817e+05    3.02190e+02
 Pres. DC (bar) Pressure (bar)   Constr. rmsd
   -2.26012e+02    2.52927e+02    3.04346e-06


DD  step 349999  vol min/aver 0.945  load imb.: force  0.4%
           Step           Time
         350000      700.00000

   Energies (kJ/mol)
           Bond          Angle    Proper Dih. Ryckaert-Bell.          LJ-14
    1.57590e+03    3.70629e+03    2.51223e+02    1.86518e+03    2.62705e+03
     Coulomb-14        LJ (SR)  Disper. corr.   Coulomb (SR)   Coul. recip.
    7.81725e+03    9.37169e+04   -4.56237e+03   -6.34951e+05    2.92427e+03
      Potential    Kinetic En.   Total Energy  Conserved En.    Temperature
   -5.25029e+05    8.64028e+04   -4.38627e+05   -4.35768e+05    3.02274e+02
 Pres. DC (bar) Pressure (bar)   Constr. rmsd
   -2.25778e+02    6.39754e+01    2.81755e-06


DD  step 354999  vol min/aver 0.938  load imb.: force  0.1%
           Step           Time
         355000      710.00000

   Energies (kJ/mol)
           Bond          Angle    Proper Dih. Ryckaert-Bell.          LJ-14
    1.43271e+03    3.73686e+03    2.60990e+02    1.75090e+03    2.70845e+03
     Coulomb-14        LJ (SR)  Disper. corr.   Coulomb (SR)   Coul. recip.
    7.85458e+03    9.23768e+04   -4.55467e+03   -6.33240e+05    2.82863e+03
      Potential    Kinetic En.   Total Energy  Conserved En.    Temperature
   -5.24845e+05    8.56564e+04   -4.39189e+05   -4.35686e+05    2.99663e+02
 Pres. DC (bar) Pressure (bar)   Constr. rmsd
   -2.25017e+02   -1.51395e+02    2.98964e-06


DD  step 359999  vol min/aver 0.960  load imb.: force  0.8%
           Step           Time
         360000      720.00000

   Energies (kJ/mol)
           Bond          Angle    Proper Dih. Ryckaert-Bell.          LJ-14
    1.43369e+03    3.95314e+03    2.37321e+02    1.86629e+03    2.69064e+03
     Coulomb-14        LJ (SR)  Disper. corr.   Coulomb (SR)   Coul. recip.
    7.84541e+03    9.29445e+04   -4.55658e+03   -6.34456e+05    2.89364e+03
      Potential    Kinetic En.   Total Energy  Conserved En.    Temperature
   -5.25148e+05    8.67390e+04   -4.38409e+05   -4.35629e+05    3.03450e+02
 Pres. DC (bar) Pressure (bar)   Constr. rmsd
   -2.25205e+02   -2.88856e+01    2.80366e-06


DD  step 364999  vol min/aver 0.958  load imb.: force  0.6%
           Step           Time
         365000      730.00000

   Energies (kJ/mol)
           Bond          Angle    Proper Dih. Ryckaert-Bell.          LJ-14
    1.48379e+03    3.89437e+03    2.56932e+02    1.90614e+03    2.63160e+03
     Coulomb-14        LJ (SR)  Disper. corr.   Coulomb (SR)   Coul. recip.
    7.84241e+03    9.39064e+04   -4.56249e+03   -6.35674e+05    2.97033e+03
      Potential    Kinetic En.   Total Energy  Conserved En.    Temperature
   -5.25344e+05    8.57782e+04   -4.39566e+05   -4.35550e+05    3.00089e+02
 Pres. DC (bar) Pressure (bar)   Constr. rmsd
   -2.25789e+02   -9.04945e+01    3.15888e-06


DD  step 369999  vol min/aver 0.947  load imb.: force  0.4%
           Step           Time
         370000      740.00000

   Energies (kJ/mol)
           Bond          Angle    Proper Dih. Ryckaert-Bell.          LJ-14
    1.45651e+03    3.70866e+03    2.35333e+02    1.77159e+03    2.62264e+03
     Coulomb-14        LJ (SR)  Disper. corr.   Coulomb (SR)   Coul. recip.
    7.87891e+03    9.41627e+04   -4.54791e+03   -6.34564e+05    2.91994e+03
      Potential    Kinetic En.   Total Energy  Conserved En.    Temperature
   -5.24355e+05    8.49996e+04   -4.39356e+05   -4.35514e+05    2.97365e+02
 Pres. DC (bar) Pressure (bar)   Constr. rmsd
   -2.24350e+02    6.74558e+01    2.98224e-06


DD  step 374999  vol min/aver 0.946  load imb.: force  0.2%
           Step           Time
         375000      750.00000

   Energies (kJ/mol)
           Bond          Angle    Proper Dih. Ryckaert-Bell.          LJ-14
    1.54516e+03    3.77568e+03    2.36389e+02    1.81203e+03    2.62571e+03
     Coulomb-14        LJ (SR)  Disper. corr.   Coulomb (SR)   Coul. recip.
    7.77567e+03    9.35654e+04   -4.54363e+03   -6.33492e+05    3.05964e+03
      Potential    Kinetic En.   Total Energy  Conserved En.    Temperature
   -5.23640e+05    8.56971e+04   -4.37943e+05   -4.35429e+05    2.99805e+02
 Pres. DC (bar) Pressure (bar)   Constr. rmsd
   -2.23928e+02   -3.31618e+01    2.47174e-06


DD  step 379999  vol min/aver 0.953  load imb.: force  0.2%
           Step           Time
         380000      760.00000

   Energies (kJ/mol)
           Bond          Angle    Proper Dih. Ryckaert-Bell.          LJ-14
    1.43267e+03    3.78014e+03    2.51692e+02    1.86585e+03    2.79951e+03
     Coulomb-14        LJ (SR)  Disper. corr.   Coulomb (SR)   Coul. recip.
    7.83827e+03    9.30255e+04   -4.57055e+03   -6.32434e+05    2.94772e+03
      Potential    Kinetic En.   Total Energy  Conserved En.    Temperature
   -5.23063e+05    8.58178e+04   -4.37245e+05   -4.35388e+05    3.00227e+02
 Pres. DC (bar) Pressure (bar)   Constr. rmsd
   -2.26587e+02    2.75037e+02    2.71316e-06


DD  step 384999  vol min/aver 0.948  load imb.: force  0.6%
           Step           Time
         385000      770.00000

   Energies (kJ/mol)
           Bond          Angle    Proper Dih. Ryckaert-Bell.          LJ-14
    1.37979e+03    3.76583e+03    2.75807e+02    1.83821e+03    2.76532e+03
     Coulomb-14        LJ (SR)  Disper. corr.   Coulomb (SR)   Coul. recip.
    7.85102e+03    9.27503e+04   -4.54331e+03   -6.32959e+05    2.80821e+03
      Potential    Kinetic En.   Total Energy  Conserved En.    Temperature
   -5.24068e+05    8.64216e+04   -4.37646e+05   -4.35320e+05    3.02340e+02
 Pres. DC (bar) Pressure (bar)   Constr. rmsd
   -2.23897e+02    3.77378e+01    2.86159e-06


DD  step 389999  vol min/aver 0.942  load imb.: force  0.6%
           Step           Time
         390000      780.00000

   Energies (kJ/mol)
           Bond          Angle    Proper Dih. Ryckaert-Bell.          LJ-14
    1.43697e+03    3.93039e+03    2.10764e+02    1.75469e+03    2.65767e+03
     Coulomb-14        LJ (SR)  Disper. corr.   Coulomb (SR)   Coul. recip.
    7.89278e+03    9.36086e+04   -4.54401e+03   -6.34342e+05    2.93973e+03
      Potential    Kinetic En.   Total Energy  Conserved En.    Temperature
   -5.24455e+05    8.54937e+04   -4.38961e+05   -4.35254e+05    2.99093e+02
 Pres. DC (bar) Pressure (bar)   Constr. rmsd
   -2.23966e+02    7.78983e+00    2.87066e-06


DD  step 394999  vol min/aver 0.947  load imb.: force  0.4%
           Step           Time
         395000      790.00000

   Energies (kJ/mol)
           Bond          Angle    Proper Dih. Ryckaert-Bell.          LJ-14
    1.50339e+03    3.66380e+03    2.32423e+02    1.83009e+03    2.73504e+03
     Coulomb-14        LJ (SR)  Disper. corr.   Coulomb (SR)   Coul. recip.
    7.87350e+03    9.30664e+04   -4.54915e+03   -6.34127e+05    2.93733e+03
      Potential    Kinetic En.   Total Energy  Conserved En.    Temperature
   -5.24834e+05    8.51182e+04   -4.39716e+05   -4.35201e+05    2.97780e+02
 Pres. DC (bar) Pressure (bar)   Constr. rmsd
   -2.24473e+02    2.68758e+00    2.54641e-06


DD  step 399999  vol min/aver 0.946  load imb.: force  0.3%
           Step           Time
         400000      800.00000

   Energies (kJ/mol)
           Bond          Angle    Proper Dih. Ryckaert-Bell.          LJ-14
    1.57413e+03    3.67185e+03    2.20485e+02    1.87352e+03    2.64353e+03
     Coulomb-14        LJ (SR)  Disper. corr.   Coulomb (SR)   Coul. recip.
    7.93903e+03    9.49022e+04   -4.55998e+03   -6.36319e+05    2.92939e+03
      Potential    Kinetic En.   Total Energy  Conserved En.    Temperature
   -5.25125e+05    8.60764e+04   -4.39049e+05   -4.35157e+05    3.01132e+02
 Pres. DC (bar) Pressure (bar)   Constr. rmsd
   -2.25541e+02    1.88797e+02    2.59395e-06


DD  step 404999  vol min/aver 0.947  load imb.: force  0.1%
           Step           Time
         405000      810.00000

   Energies (kJ/mol)
           Bond          Angle    Proper Dih. Ryckaert-Bell.          LJ-14
    1.45446e+03    3.72690e+03    2.52953e+02    1.91106e+03    2.61999e+03
     Coulomb-14        LJ (SR)  Disper. corr.   Coulomb (SR)   Coul. recip.
    7.90685e+03    9.48645e+04   -4.57087e+03   -6.36002e+05    2.93249e+03
      Potential    Kinetic En.   Total Energy  Conserved En.    Temperature
   -5.24903e+05    8.60957e+04   -4.38808e+05   -4.35134e+05    3.01199e+02
 Pres. DC (bar) Pressure (bar)   Constr. rmsd
   -2.26619e+02    2.34315e+02    2.70662e-06


DD  step 409999  vol min/aver 0.944  load imb.: force  0.4%
           Step           Time
         410000      820.00000

   Energies (kJ/mol)
           Bond          Angle    Proper Dih. Ryckaert-Bell.          LJ-14
    1.49594e+03    3.88532e+03    2.45512e+02    1.77720e+03    2.67768e+03
     Coulomb-14        LJ (SR)  Disper. corr.   Coulomb (SR)   Coul. recip.
    7.79633e+03    9.45423e+04   -4.56109e+03   -6.35936e+05    2.87572e+03
      Potential    Kinetic En.   Total Energy  Conserved En.    Temperature
   -5.25202e+05    8.57451e+04   -4.39456e+05   -4.35041e+05    2.99973e+02
 Pres. DC (bar) Pressure (bar)   Constr. rmsd
   -2.25651e+02    2.21252e+02    2.67793e-06


DD  step 414999  vol min/aver 0.950  load imb.: force  0.3%
           Step           Time
         415000      830.00000

   Energies (kJ/mol)
           Bond          Angle    Proper Dih. Ryckaert-Bell.          LJ-14
    1.51433e+03    3.59206e+03    3.04309e+02    1.91648e+03    2.69859e+03
     Coulomb-14        LJ (SR)  Disper. corr.   Coulomb (SR)   Coul. recip.
    7.87059e+03    9.32894e+04   -4.57095e+03   -6.33867e+05    2.98910e+03
      Potential    Kinetic En.   Total Energy  Conserved En.    Temperature
   -5.24263e+05    8.64667e+04   -4.37796e+05   -4.34998e+05    3.02497e+02
 Pres. DC (bar) Pressure (bar)   Constr. rmsd
   -2.26626e+02   -5.20814e+01    3.22415e-06


DD  step 419999  vol min/aver 0.958  load imb.: force  0.7%
           Step           Time
         420000      840.00000

   Energies (kJ/mol)
           Bond          Angle    Proper Dih. Ryckaert-Bell.          LJ-14
    1.48570e+03    3.79211e+03    2.53264e+02    1.79500e+03    2.64680e+03
     Coulomb-14        LJ (SR)  Disper. corr.   Coulomb (SR)   Coul. recip.
    7.82390e+03    9.39225e+04   -4.55800e+03   -6.34167e+05    2.94988e+03
      Potential    Kinetic En.   Total Energy  Conserved En.    Temperature
   -5.24056e+05    8.55618e+04   -4.38495e+05   -4.34947e+05    2.99332e+02
 Pres. DC (bar) Pressure (bar)   Constr. rmsd
   -2.25346e+02    1.23705e+02    2.85135e-06


DD  step 424999  vol min/aver 0.946  load imb.: force  0.3%
           Step           Time
         425000      850.00000

   Energies (kJ/mol)
           Bond          Angle    Proper Dih. Ryckaert-Bell.          LJ-14
    1.56116e+03    3.66427e+03    2.69362e+02    1.89991e+03    2.64860e+03
     Coulomb-14        LJ (SR)  Disper. corr.   Coulomb (SR)   Coul. recip.
    7.84074e+03    9.38210e+04   -4.56085e+03   -6.35624e+05    2.84523e+03
      Potential    Kinetic En.   Total Energy  Conserved En.    Temperature
   -5.25635e+05    8.60076e+04   -4.39627e+05   -4.34904e+05    3.00891e+02
 Pres. DC (bar) Pressure (bar)   Constr. rmsd
   -2.25627e+02    8.52054e+01    3.02729e-06


DD  step 429999  vol min/aver 0.948  load imb.: force  0.7%
           Step           Time
         430000      860.00000

   Energies (kJ/mol)
           Bond          Angle    Proper Dih. Ryckaert-Bell.          LJ-14
    1.54787e+03    3.87614e+03    2.51319e+02    1.82969e+03    2.61227e+03
     Coulomb-14        LJ (SR)  Disper. corr.   Coulomb (SR)   Coul. recip.
    7.89447e+03    9.44285e+04   -4.56479e+03   -6.36936e+05    2.88363e+03
      Potential    Kinetic En.   Total Energy  Conserved En.    Temperature
   -5.26177e+05    8.60425e+04   -4.40135e+05   -4.34851e+05    3.01013e+02
 Pres. DC (bar) Pressure (bar)   Constr. rmsd
   -2.26016e+02    7.29197e+01    3.23657e-06


DD  step 434999  vol min/aver 0.953  load imb.: force  0.5%
           Step           Time
         435000      870.00000

   Energies (kJ/mol)
           Bond          Angle    Proper Dih. Ryckaert-Bell.          LJ-14
    1.45073e+03    3.78698e+03    2.89205e+02    1.82056e+03    2.67987e+03
     Coulomb-14        LJ (SR)  Disper. corr.   Coulomb (SR)   Coul. recip.
    7.89015e+03    9.23986e+04   -4.54301e+03   -6.32948e+05    2.94645e+03
      Potential    Kinetic En.   Total Energy  Conserved En.    Temperature
   -5.24229e+05    8.49070e+04   -4.39322e+05   -4.34789e+05    2.97041e+02
 Pres. DC (bar) Pressure (bar)   Constr. rmsd
   -2.23868e+02   -1.58339e+02    3.09706e-06


DD  step 439999  vol min/aver 0.953  load imb.: force  0.5%
           Step           Time
         440000      880.00000

   Energies (kJ/mol)
           Bond          Angle    Proper Dih. Ryckaert-Bell.          LJ-14
    1.49194e+03    3.73223e+03    2.60352e+02    1.86940e+03    2.62995e+03
     Coulomb-14        LJ (SR)  Disper. corr.   Coulomb (SR)   Coul. recip.
    7.77368e+03    9.38567e+04   -4.52950e+03   -6.35326e+05    2.96498e+03
      Potential    Kinetic En.   Total Energy  Conserved En.    Temperature
   -5.25277e+05    8.42836e+04   -4.40993e+05   -4.34708e+05    2.94860e+02
 Pres. DC (bar) Pressure (bar)   Constr. rmsd
   -2.22539e+02   -6.41674e+01    2.81794e-06

Writing checkpoint, step 441650 at Sat Oct  8 05:30:52 2022



DD  step 444999  vol min/aver 0.956  load imb.: force  0.7%
           Step           Time
         445000      890.00000

   Energies (kJ/mol)
           Bond          Angle    Proper Dih. Ryckaert-Bell.          LJ-14
    1.47165e+03    3.95602e+03    2.56301e+02    1.88207e+03    2.58740e+03
     Coulomb-14        LJ (SR)  Disper. corr.   Coulomb (SR)   Coul. recip.
    7.79889e+03    9.30399e+04   -4.57243e+03   -6.33804e+05    2.93355e+03
      Potential    Kinetic En.   Total Energy  Conserved En.    Temperature
   -5.24450e+05    8.60371e+04   -4.38413e+05   -4.34661e+05    3.00994e+02
 Pres. DC (bar) Pressure (bar)   Constr. rmsd
   -2.26772e+02   -6.32456e+01    2.74705e-06


DD  step 449999  vol min/aver 0.940  load imb.: force  0.1%
           Step           Time
         450000      900.00000

   Energies (kJ/mol)
           Bond          Angle    Proper Dih. Ryckaert-Bell.          LJ-14
    1.44280e+03    3.77179e+03    2.57825e+02    1.77537e+03    2.68284e+03
     Coulomb-14        LJ (SR)  Disper. corr.   Coulomb (SR)   Coul. recip.
    7.96520e+03    9.39396e+04   -4.54639e+03   -6.34484e+05    2.95477e+03
      Potential    Kinetic En.   Total Energy  Conserved En.    Temperature
   -5.24240e+05    8.49981e+04   -4.39242e+05   -4.34581e+05    2.97360e+02
 Pres. DC (bar) Pressure (bar)   Constr. rmsd
   -2.24200e+02    1.33665e+02    2.91177e-06


DD  step 454999  vol min/aver 0.951  load imb.: force  0.4%
           Step           Time
         455000      910.00000

   Energies (kJ/mol)
           Bond          Angle    Proper Dih. Ryckaert-Bell.          LJ-14
    1.44546e+03    3.79565e+03    2.92287e+02    1.75760e+03    2.64763e+03
     Coulomb-14        LJ (SR)  Disper. corr.   Coulomb (SR)   Coul. recip.
    7.87349e+03    9.40807e+04   -4.54783e+03   -6.35961e+05    2.94731e+03
      Potential    Kinetic En.   Total Energy  Conserved En.    Temperature
   -5.25669e+05    8.60114e+04   -4.39657e+05   -4.34546e+05    3.00904e+02
 Pres. DC (bar) Pressure (bar)   Constr. rmsd
   -2.24342e+02    1.35228e+01    2.92183e-06


DD  step 459999  vol min/aver 0.949  load imb.: force  0.5%
           Step           Time
         460000      920.00000

   Energies (kJ/mol)
           Bond          Angle    Proper Dih. Ryckaert-Bell.          LJ-14
    1.40037e+03    3.87126e+03    2.53229e+02    1.77097e+03    2.68604e+03
     Coulomb-14        LJ (SR)  Disper. corr.   Coulomb (SR)   Coul. recip.
    7.88049e+03    9.29122e+04   -4.54655e+03   -6.33939e+05    2.92205e+03
      Potential    Kinetic En.   Total Energy  Conserved En.    Temperature
   -5.24789e+05    8.53896e+04   -4.39400e+05   -4.34486e+05    2.98729e+02
 Pres. DC (bar) Pressure (bar)   Constr. rmsd
   -2.24216e+02   -1.87454e+02    3.26114e-06


DD  step 464999  vol min/aver 0.949  load imb.: force  0.3%
           Step           Time
         465000      930.00000

   Energies (kJ/mol)
           Bond          Angle    Proper Dih. Ryckaert-Bell.          LJ-14
    1.55173e+03    3.83366e+03    2.29761e+02    1.81564e+03    2.64088e+03
     Coulomb-14        LJ (SR)  Disper. corr.   Coulomb (SR)   Coul. recip.
    7.88917e+03    9.33435e+04   -4.54176e+03   -6.34194e+05    2.94429e+03
      Potential    Kinetic En.   Total Energy  Conserved En.    Temperature
   -5.24487e+05    8.68333e+04   -4.37654e+05   -4.34422e+05    3.03780e+02
 Pres. DC (bar) Pressure (bar)   Constr. rmsd
   -2.23744e+02   -9.98619e+01    3.42342e-06


DD  step 469999  vol min/aver 0.948  load imb.: force  0.2%
           Step           Time
         470000      940.00000

   Energies (kJ/mol)
           Bond          Angle    Proper Dih. Ryckaert-Bell.          LJ-14
    1.54311e+03    3.72326e+03    2.46981e+02    1.78525e+03    2.68393e+03
     Coulomb-14        LJ (SR)  Disper. corr.   Coulomb (SR)   Coul. recip.
    7.77460e+03    9.48406e+04   -4.55052e+03   -6.35317e+05    2.91427e+03
      Potential    Kinetic En.   Total Energy  Conserved En.    Temperature
   -5.24356e+05    8.59290e+04   -4.38426e+05   -4.34370e+05    3.00616e+02
 Pres. DC (bar) Pressure (bar)   Constr. rmsd
   -2.24608e+02    1.56366e+02    3.07130e-06


DD  step 474999  vol min/aver 0.943  load imb.: force  0.4%
           Step           Time
         475000      950.00000

   Energies (kJ/mol)
           Bond          Angle    Proper Dih. Ryckaert-Bell.          LJ-14
    1.45851e+03    3.71834e+03    2.66137e+02    1.82005e+03    2.63590e+03
     Coulomb-14        LJ (SR)  Disper. corr.   Coulomb (SR)   Coul. recip.
    7.68876e+03    9.48744e+04   -4.56731e+03   -6.36757e+05    2.93276e+03
      Potential    Kinetic En.   Total Energy  Conserved En.    Temperature
   -5.25930e+05    8.53900e+04   -4.40540e+05   -4.34285e+05    2.98730e+02
 Pres. DC (bar) Pressure (bar)   Constr. rmsd
   -2.26266e+02    1.20722e+02    2.54181e-06


DD  step 479999  vol min/aver 0.952  load imb.: force  1.5%
           Step           Time
         480000      960.00000

   Energies (kJ/mol)
           Bond          Angle    Proper Dih. Ryckaert-Bell.          LJ-14
    1.41433e+03    3.67823e+03    2.55292e+02    1.89274e+03    2.68426e+03
     Coulomb-14        LJ (SR)  Disper. corr.   Coulomb (SR)   Coul. recip.
    7.83341e+03    9.32363e+04   -4.57199e+03   -6.34107e+05    2.95742e+03
      Potential    Kinetic En.   Total Energy  Conserved En.    Temperature
   -5.24727e+05    8.50391e+04   -4.39688e+05   -4.34257e+05    2.97503e+02
 Pres. DC (bar) Pressure (bar)   Constr. rmsd
   -2.26729e+02   -6.73674e+01    3.09820e-06


DD  step 484999  vol min/aver 0.956  load imb.: force  0.2%
           Step           Time
         485000      970.00000

   Energies (kJ/mol)
           Bond          Angle    Proper Dih. Ryckaert-Bell.          LJ-14
    1.43791e+03    3.62634e+03    2.27767e+02    1.85447e+03    2.63161e+03
     Coulomb-14        LJ (SR)  Disper. corr.   Coulomb (SR)   Coul. recip.
    7.87308e+03    9.38826e+04   -4.53255e+03   -6.35867e+05    3.01448e+03
      Potential    Kinetic En.   Total Energy  Conserved En.    Temperature
   -5.25852e+05    8.57159e+04   -4.40136e+05   -4.34167e+05    2.99871e+02
 Pres. DC (bar) Pressure (bar)   Constr. rmsd
   -2.22839e+02   -1.46945e+02    2.84312e-06


DD  step 489999  vol min/aver 0.956  load imb.: force  0.2%
           Step           Time
         490000      980.00000

   Energies (kJ/mol)
           Bond          Angle    Proper Dih. Ryckaert-Bell.          LJ-14
    1.50841e+03    3.69223e+03    2.77632e+02    1.80438e+03    2.71446e+03
     Coulomb-14        LJ (SR)  Disper. corr.   Coulomb (SR)   Coul. recip.
    7.80283e+03    9.49177e+04   -4.55932e+03   -6.35455e+05    3.01458e+03
      Potential    Kinetic En.   Total Energy  Conserved En.    Temperature
   -5.24282e+05    8.61832e+04   -4.38099e+05   -4.34093e+05    3.01505e+02
 Pres. DC (bar) Pressure (bar)   Constr. rmsd
   -2.25476e+02    2.35897e+02    2.65720e-06


DD  step 494999  vol min/aver 0.955  load imb.: force  0.4%
           Step           Time
         495000      990.00000

   Energies (kJ/mol)
           Bond          Angle    Proper Dih. Ryckaert-Bell.          LJ-14
    1.42830e+03    3.75310e+03    2.53905e+02    1.83972e+03    2.67751e+03
     Coulomb-14        LJ (SR)  Disper. corr.   Coulomb (SR)   Coul. recip.
    7.76992e+03    9.29040e+04   -4.54847e+03   -6.32254e+05    2.89409e+03
      Potential    Kinetic En.   Total Energy  Conserved En.    Temperature
   -5.23282e+05    8.60592e+04   -4.37223e+05   -4.34051e+05    3.01072e+02
 Pres. DC (bar) Pressure (bar)   Constr. rmsd
   -2.24405e+02   -1.44682e+01    3.26087e-06


DD  step 499999  vol min/aver 0.946  load imb.: force  0.9%
           Step           Time
         500000     1000.00000

Writing checkpoint, step 500000 at Sat Oct  8 05:36:48 2022


   Energies (kJ/mol)
           Bond          Angle    Proper Dih. Ryckaert-Bell.          LJ-14
    1.63948e+03    3.83956e+03    2.31702e+02    1.73623e+03    2.63390e+03
     Coulomb-14        LJ (SR)  Disper. corr.   Coulomb (SR)   Coul. recip.
    7.74470e+03    9.35518e+04   -4.57034e+03   -6.35227e+05    2.85835e+03
      Potential    Kinetic En.   Total Energy  Conserved En.    Temperature
   -5.25562e+05    8.61268e+04   -4.39435e+05   -4.33985e+05    3.01308e+02
 Pres. DC (bar) Pressure (bar)   Constr. rmsd
   -2.26566e+02   -1.23253e+02    3.17526e-06


	<======  ###############  ==>
	<====  A V E R A G E S  ====>
	<==  ###############  ======>

	Statistics over 500001 steps using 5001 frames

   Energies (kJ/mol)
           Bond          Angle    Proper Dih. Ryckaert-Bell.          LJ-14
    1.47310e+03    3.76457e+03    2.49963e+02    1.79540e+03    2.66015e+03
     Coulomb-14        LJ (SR)  Disper. corr.   Coulomb (SR)   Coul. recip.
    7.81467e+03    9.36706e+04   -4.55762e+03   -6.34776e+05    2.93121e+03
      Potential    Kinetic En.   Total Energy  Conserved En.    Temperature
   -5.24974e+05    8.57665e+04   -4.39208e+05   -4.36910e+05    3.00048e+02
 Pres. DC (bar) Pressure (bar)   Constr. rmsd
   -2.25310e+02    2.15490e+00    0.00000e+00

          Box-X          Box-Y          Box-Z
    6.95412e+00    6.95412e+00    6.95412e+00

   Total Virial (kJ/mol)
    2.85898e+04   -1.33071e+01    2.60473e+01
   -1.34553e+01    2.85695e+04   -5.96387e+01
    2.56959e+01   -5.97866e+01    2.85461e+04

   Pressure (bar)
    1.60089e+00    7.03102e-01   -2.10056e+00
    7.17746e-01    1.73737e+00    4.90954e+00
   -2.06583e+00    4.92420e+00    3.12641e+00

      T-Protein  T-non-Protein
    3.00224e+02    3.00034e+02


	M E G A - F L O P S   A C C O U N T I N G

 NB=Group-cutoff nonbonded kernels    NxN=N-by-N cluster Verlet kernels
 RF=Reaction-Field  VdW=Van der Waals  QSTab=quadratic-spline table
 W3=SPC/TIP3p  W4=TIP4p (single or pairs)
 V&F=Potential and force  V=Potential only  F=Force only

 Computing:                               M-Number         M-Flops  % Flops
-----------------------------------------------------------------------------
 Pair Search distance check          153490.085078     1381410.766     0.2
 NxN Ewald Elec. + LJ [F]           5276035.431504   348218338.479    52.0
 NxN Ewald Elec. + LJ [V&F]           53302.642000     5703382.694     0.9
 NxN Ewald Elec. [F]                4680020.247216   285481235.080    42.6
 NxN Ewald Elec. [V&F]                47281.712208     3971663.825     0.6
 1,4 nonbonded interactions            2553.005106      229770.460     0.0
 Calc Weights                         50814.101628     1829307.659     0.3
 Spread Q Bspline                   1084034.168064     2168068.336     0.3
 Gather F Bspline                   1084034.168064     6504205.008     1.0
 3D-FFT                             1395170.790336    11161366.323     1.7
 Solve PME                              968.001936       61952.124     0.0
 Reset In Box                           338.760000        1016.280     0.0
 CG-CoM                                 338.793876        1016.382     0.0
 Bonds                                  512.501025       30237.560     0.0
 Angles                                1773.503547      297948.596     0.0
 Propers                                213.000426       48777.098     0.0
 RB-Dihedrals                          1975.003950      487825.976     0.1
 Virial                                1702.834056       30651.013     0.0
 Stop-CM                                169.413876        1694.139     0.0
 Calc-Ekin                             3387.667752       91467.029     0.0
 Lincs                                  479.500959       28770.058     0.0
 Lincs-Mat                             2388.004776        9552.019     0.0
 Constraint-V                         16913.033826      135304.271     0.0
 Constraint-Vir                        1643.382867       39441.189     0.0
 Settle                                5318.010636     1717717.435     0.3
-----------------------------------------------------------------------------
 Total                                               669632119.798   100.0
-----------------------------------------------------------------------------


    D O M A I N   D E C O M P O S I T I O N   S T A T I S T I C S

 av. #atoms communicated per step for force:  2 x 23776.8


Dynamic load balancing report:
 DLB was turned on during the run due to measured imbalance.
 Average load imbalance: 0.5%.
 The balanceable part of the MD step is 71%, load imbalance is computed from this.
 Part of the total run time spent waiting due to load imbalance: 0.3%.
 Steps where the load balancing was limited by -rdd, -rcon and/or -dds: X 0 %


     R E A L   C Y C L E   A N D   T I M E   A C C O U N T I N G

On 4 MPI ranks

 Computing:          Num   Num      Call    Wall time         Giga-Cycles
                     Ranks Threads  Count      (s)         total sum    %
-----------------------------------------------------------------------------
 Domain decomp.         4    1      10000      24.464        283.108   0.8
 DD comm. load          4    1       9999       0.059          0.682   0.0
 DD comm. bounds        4    1       9998       0.099          1.142   0.0
 Neighbor search        4    1      10001     121.455       1405.550   4.0
 Comm. coord.           4    1     490000      15.733        182.075   0.5
 Force                  4    1     500001    2091.313      24202.021  68.4
 Wait + Comm. F         4    1     500001      17.492        202.424   0.6
 PME mesh               4    1     500001     671.260       7768.251  22.0
 NB X/F buffer ops.     4    1    1480001      33.964        393.056   1.1
 Write traj.            4    1        104       0.443          5.123   0.0
 Update                 4    1     500001      19.277        223.085   0.6
 Constraints            4    1     500001      48.007        555.571   1.6
 Comm. energies         4    1      50001       2.098         24.283   0.1
 Rest                                          11.257        130.275   0.4
-----------------------------------------------------------------------------
 Total                                       3056.920      35376.648 100.0
-----------------------------------------------------------------------------
 Breakdown of PME mesh computation
-----------------------------------------------------------------------------
 PME redist. X/F        4    1    1000002      91.746       1061.741   3.0
 PME spread             4    1     500001     219.050       2534.987   7.2
 PME gather             4    1     500001     174.916       2024.243   5.7
 PME 3D-FFT             4    1    1000002     148.362       1716.935   4.9
 PME 3D-FFT Comm.       4    1    1000002      24.206        280.122   0.8
 PME solve Elec         4    1     500001      12.145        140.544   0.4
-----------------------------------------------------------------------------

               Core t (s)   Wall t (s)        (%)
       Time:    12227.672     3056.920      400.0
                         50:56
                 (ns/day)    (hour/ns)
Performance:       28.264        0.849
Finished mdrun on rank 0 Sat Oct  8 05:36:48 2022

